2019-11-22 10:32:15,715 DEBUG cellsites Distributing cellsites
2019-11-22 10:32:15,715 DEBUG cellsites Performing gradient descent
2019-11-22 10:32:15,715 DEBUG cellsites Applying K-Means Clustering
2019-11-22 10:32:15,715 DEBUG cellsites K-Means clustering applied
2019-11-22 10:32:15,758 DEBUG cellsites K = 6
2019-11-22 10:32:15,758 DEBUG cellsites Distortion = 0.011848878291731802
2019-11-22 10:32:15,758 DEBUG cellsites Applying K-Means Clustering
2019-11-22 10:32:15,758 DEBUG cellsites K-Means clustering applied
2019-11-22 10:32:15,804 DEBUG cellsites K = 7
2019-11-22 10:32:15,805 DEBUG cellsites Distortion = 0.011019827685404703
2019-11-22 10:32:15,805 DEBUG cellsites Applying K-Means Clustering
2019-11-22 10:32:15,805 DEBUG cellsites K-Means clustering applied
2019-11-22 10:32:15,853 DEBUG cellsites K = 8
2019-11-22 10:32:15,853 DEBUG cellsites Distortion = 0.010459790437646204
2019-11-22 10:32:15,853 DEBUG cellsites Applying K-Means Clustering
2019-11-22 10:32:15,854 DEBUG cellsites K-Means clustering applied
2019-11-22 10:32:15,909 DEBUG cellsites K = 9
2019-11-22 10:32:15,909 DEBUG cellsites Distortion = 0.009533791177214897
2019-11-22 10:32:15,909 DEBUG cellsites Applying K-Means Clustering
2019-11-22 10:32:15,909 DEBUG cellsites K-Means clustering applied
2019-11-22 10:32:15,972 DEBUG cellsites K = 10
2019-11-22 10:32:15,972 DEBUG cellsites Distortion = 0.00910690145328048
2019-11-22 10:32:15,972 DEBUG cellsites Applying K-Means Clustering
2019-11-22 10:32:15,973 DEBUG cellsites K-Means clustering applied
2019-11-22 10:32:16,029 DEBUG cellsites K = 11
2019-11-22 10:32:16,030 DEBUG cellsites Distortion = 0.008688128485496462
2019-11-22 10:32:16,030 DEBUG cellsites Applying K-Means Clustering
2019-11-22 10:32:16,030 DEBUG cellsites K-Means clustering applied
2019-11-22 10:32:16,087 DEBUG cellsites K = 12
2019-11-22 10:32:16,087 DEBUG cellsites Distortion = 0.008075319727729261
2019-11-22 10:32:16,088 DEBUG cellsites Applying K-Means Clustering
2019-11-22 10:32:16,088 DEBUG cellsites K-Means clustering applied
2019-11-22 10:32:16,148 DEBUG cellsites K = 13
2019-11-22 10:32:16,148 DEBUG cellsites Distortion = 0.007973572470692298
2019-11-22 10:32:16,148 DEBUG cellsites Applying K-Means Clustering
2019-11-22 10:32:16,148 DEBUG cellsites K-Means clustering applied
2019-11-22 10:32:16,214 DEBUG cellsites K = 14
2019-11-22 10:32:16,214 DEBUG cellsites Distortion = 0.007486802128452457
2019-11-22 10:32:16,214 DEBUG cellsites Applying K-Means Clustering
2019-11-22 10:32:16,215 DEBUG cellsites K-Means clustering applied
2019-11-22 10:32:16,286 DEBUG cellsites K = 15
2019-11-22 10:32:16,286 DEBUG cellsites Distortion = 0.007095958804169631
2019-11-22 10:32:16,286 DEBUG cellsites Applying K-Means Clustering
2019-11-22 10:32:16,286 DEBUG cellsites K-Means clustering applied
2019-11-22 10:32:16,362 DEBUG cellsites K = 16
2019-11-22 10:32:16,362 DEBUG cellsites Distortion = 0.006867713111893767
2019-11-22 10:32:16,362 DEBUG cellsites Applying K-Means Clustering
2019-11-22 10:32:16,363 DEBUG cellsites K-Means clustering applied
2019-11-22 10:32:16,430 DEBUG cellsites K = 17
2019-11-22 10:32:16,430 DEBUG cellsites Distortion = 0.00669922558695574
2019-11-22 10:32:16,430 DEBUG cellsites Applying K-Means Clustering
2019-11-22 10:32:16,430 DEBUG cellsites K-Means clustering applied
2019-11-22 10:32:16,517 DEBUG cellsites K = 18
2019-11-22 10:32:16,517 DEBUG cellsites Distortion = 0.006294875520842828
2019-11-22 10:32:16,518 DEBUG cellsites Optimal K = 19
2019-11-22 10:32:16,518 DEBUG cellsites Performing gradient descent
2019-11-22 10:32:16,518 DEBUG cellsites Applying K-Means Clustering
2019-11-22 10:32:16,518 DEBUG cellsites K-Means clustering applied
2019-11-22 10:32:16,554 DEBUG cellsites K = 5
2019-11-22 10:32:16,555 DEBUG cellsites Distortion = 0.010947861205093229
2019-11-22 10:32:16,555 DEBUG cellsites Applying K-Means Clustering
2019-11-22 10:32:16,555 DEBUG cellsites K-Means clustering applied
2019-11-22 10:32:16,596 DEBUG cellsites K = 6
2019-11-22 10:32:16,596 DEBUG cellsites Distortion = 0.00983319494125121
2019-11-22 10:32:16,596 DEBUG cellsites Applying K-Means Clustering
2019-11-22 10:32:16,596 DEBUG cellsites K-Means clustering applied
2019-11-22 10:32:16,651 DEBUG cellsites K = 7
2019-11-22 10:32:16,652 DEBUG cellsites Distortion = 0.009135923074024653
2019-11-22 10:32:16,652 DEBUG cellsites Applying K-Means Clustering
2019-11-22 10:32:16,652 DEBUG cellsites K-Means clustering applied
2019-11-22 10:32:16,706 DEBUG cellsites K = 8
2019-11-22 10:32:16,707 DEBUG cellsites Distortion = 0.008310000778150455
2019-11-22 10:32:16,707 DEBUG cellsites Applying K-Means Clustering
2019-11-22 10:32:16,707 DEBUG cellsites K-Means clustering applied
2019-11-22 10:32:16,776 DEBUG cellsites K = 9
2019-11-22 10:32:16,776 DEBUG cellsites Distortion = 0.007373879455647543
2019-11-22 10:32:16,776 DEBUG cellsites Applying K-Means Clustering
2019-11-22 10:32:16,776 DEBUG cellsites K-Means clustering applied
2019-11-22 10:32:16,843 DEBUG cellsites K = 10
2019-11-22 10:32:16,844 DEBUG cellsites Distortion = 0.006804548878711005
2019-11-22 10:32:16,844 DEBUG cellsites Applying K-Means Clustering
2019-11-22 10:32:16,844 DEBUG cellsites K-Means clustering applied
2019-11-22 10:32:16,920 DEBUG cellsites K = 11
2019-11-22 10:32:16,921 DEBUG cellsites Distortion = 0.006371637605819101
2019-11-22 10:32:16,921 DEBUG cellsites Optimal K = 12
2019-11-22 10:32:16,921 DEBUG cellsites Performing gradient descent
2019-11-22 10:32:16,921 DEBUG cellsites Applying K-Means Clustering
2019-11-22 10:32:16,921 DEBUG cellsites K-Means clustering applied
2019-11-22 10:32:16,929 DEBUG cellsites K = 1
2019-11-22 10:32:16,929 DEBUG cellsites Distortion = 0.0
2019-11-22 10:32:16,929 DEBUG cellsites Optimal K = 2
2019-11-22 10:32:16,929 DEBUG cellsites Performing gradient descent
2019-11-22 10:32:16,929 DEBUG cellsites Applying K-Means Clustering
2019-11-22 10:32:16,929 DEBUG cellsites K-Means clustering applied
2019-11-22 10:32:16,978 DEBUG cellsites K = 5
2019-11-22 10:32:16,978 DEBUG cellsites Distortion = 0.016454262632285516
2019-11-22 10:32:16,978 DEBUG cellsites Applying K-Means Clustering
2019-11-22 10:32:16,978 DEBUG cellsites K-Means clustering applied
2019-11-22 10:32:17,031 DEBUG cellsites K = 6
2019-11-22 10:32:17,031 DEBUG cellsites Distortion = 0.01511758511340368
2019-11-22 10:32:17,031 DEBUG cellsites Applying K-Means Clustering
2019-11-22 10:32:17,031 DEBUG cellsites K-Means clustering applied
2019-11-22 10:32:17,084 DEBUG cellsites K = 7
2019-11-22 10:32:17,084 DEBUG cellsites Distortion = 0.013738891990421139
2019-11-22 10:32:17,085 DEBUG cellsites Applying K-Means Clustering
2019-11-22 10:32:17,085 DEBUG cellsites K-Means clustering applied
2019-11-22 10:32:17,130 DEBUG cellsites K = 8
2019-11-22 10:32:17,130 DEBUG cellsites Distortion = 0.012449279128634142
2019-11-22 10:32:17,130 DEBUG cellsites Applying K-Means Clustering
2019-11-22 10:32:17,130 DEBUG cellsites K-Means clustering applied
2019-11-22 10:32:17,187 DEBUG cellsites K = 9
2019-11-22 10:32:17,188 DEBUG cellsites Distortion = 0.011305395877738971
2019-11-22 10:32:17,188 DEBUG cellsites Applying K-Means Clustering
2019-11-22 10:32:17,188 DEBUG cellsites K-Means clustering applied
2019-11-22 10:32:17,252 DEBUG cellsites K = 10
2019-11-22 10:32:17,252 DEBUG cellsites Distortion = 0.010493818020166697
2019-11-22 10:32:17,253 DEBUG cellsites Applying K-Means Clustering
2019-11-22 10:32:17,253 DEBUG cellsites K-Means clustering applied
2019-11-22 10:32:17,307 DEBUG cellsites K = 11
2019-11-22 10:32:17,307 DEBUG cellsites Distortion = 0.010000038338719226
2019-11-22 10:32:17,308 DEBUG cellsites Applying K-Means Clustering
2019-11-22 10:32:17,308 DEBUG cellsites K-Means clustering applied
2019-11-22 10:32:17,382 DEBUG cellsites K = 12
2019-11-22 10:32:17,382 DEBUG cellsites Distortion = 0.009506979992344856
2019-11-22 10:32:17,382 DEBUG cellsites Applying K-Means Clustering
2019-11-22 10:32:17,382 DEBUG cellsites K-Means clustering applied
2019-11-22 10:32:17,441 DEBUG cellsites K = 13
2019-11-22 10:32:17,441 DEBUG cellsites Distortion = 0.009002939905069491
2019-11-22 10:32:17,441 DEBUG cellsites Applying K-Means Clustering
2019-11-22 10:32:17,441 DEBUG cellsites K-Means clustering applied
2019-11-22 10:32:17,514 DEBUG cellsites K = 14
2019-11-22 10:32:17,515 DEBUG cellsites Distortion = 0.008713416099334452
2019-11-22 10:32:17,515 DEBUG cellsites Applying K-Means Clustering
2019-11-22 10:32:17,515 DEBUG cellsites K-Means clustering applied
2019-11-22 10:32:17,588 DEBUG cellsites K = 15
2019-11-22 10:32:17,588 DEBUG cellsites Distortion = 0.008291792336655073
2019-11-22 10:32:17,588 DEBUG cellsites Applying K-Means Clustering
2019-11-22 10:32:17,588 DEBUG cellsites K-Means clustering applied
2019-11-22 10:32:17,668 DEBUG cellsites K = 16
2019-11-22 10:32:17,668 DEBUG cellsites Distortion = 0.00800412394965854
2019-11-22 10:32:17,668 DEBUG cellsites Applying K-Means Clustering
2019-11-22 10:32:17,668 DEBUG cellsites K-Means clustering applied
2019-11-22 10:32:17,757 DEBUG cellsites K = 17
2019-11-22 10:32:17,757 DEBUG cellsites Distortion = 0.007572387038566929
2019-11-22 10:32:17,757 DEBUG cellsites Applying K-Means Clustering
2019-11-22 10:32:17,757 DEBUG cellsites K-Means clustering applied
2019-11-22 10:32:17,859 DEBUG cellsites K = 18
2019-11-22 10:32:17,860 DEBUG cellsites Distortion = 0.007316754982472673
2019-11-22 10:32:17,860 DEBUG cellsites Applying K-Means Clustering
2019-11-22 10:32:17,860 DEBUG cellsites K-Means clustering applied
2019-11-22 10:32:17,972 DEBUG cellsites K = 19
2019-11-22 10:32:17,972 DEBUG cellsites Distortion = 0.006912420598436719
2019-11-22 10:32:17,972 DEBUG cellsites Applying K-Means Clustering
2019-11-22 10:32:17,972 DEBUG cellsites K-Means clustering applied
2019-11-22 10:32:18,065 DEBUG cellsites K = 20
2019-11-22 10:32:18,065 DEBUG cellsites Distortion = 0.007034087404430847
2019-11-22 10:32:18,065 DEBUG cellsites Applying K-Means Clustering
2019-11-22 10:32:18,065 DEBUG cellsites K-Means clustering applied
2019-11-22 10:32:18,174 DEBUG cellsites K = 21
2019-11-22 10:32:18,174 DEBUG cellsites Distortion = 0.006606925668510886
2019-11-22 10:32:18,175 DEBUG cellsites Applying K-Means Clustering
2019-11-22 10:32:18,175 DEBUG cellsites K-Means clustering applied
2019-11-22 10:32:18,270 DEBUG cellsites K = 22
2019-11-22 10:32:18,270 DEBUG cellsites Distortion = 0.00613811039389586
2019-11-22 10:32:18,270 DEBUG cellsites Optimal K = 23
2019-11-22 10:32:18,271 DEBUG cellsites Performing gradient descent
2019-11-22 10:32:18,271 DEBUG cellsites Applying K-Means Clustering
2019-11-22 10:32:18,271 DEBUG cellsites K-Means clustering applied
2019-11-22 10:32:18,302 DEBUG cellsites K = 4
2019-11-22 10:32:18,303 DEBUG cellsites Distortion = 0.014930485008036707
2019-11-22 10:32:18,303 DEBUG cellsites Applying K-Means Clustering
2019-11-22 10:32:18,303 DEBUG cellsites K-Means clustering applied
2019-11-22 10:32:18,332 DEBUG cellsites K = 5
2019-11-22 10:32:18,332 DEBUG cellsites Distortion = 0.014019064801677143
2019-11-22 10:32:18,332 DEBUG cellsites Applying K-Means Clustering
2019-11-22 10:32:18,332 DEBUG cellsites K-Means clustering applied
2019-11-22 10:32:18,364 DEBUG cellsites K = 6
2019-11-22 10:32:18,364 DEBUG cellsites Distortion = 0.012507178345123212
2019-11-22 10:32:18,364 DEBUG cellsites Applying K-Means Clustering
2019-11-22 10:32:18,364 DEBUG cellsites K-Means clustering applied
2019-11-22 10:32:18,399 DEBUG cellsites K = 7
2019-11-22 10:32:18,400 DEBUG cellsites Distortion = 0.011348032127112665
2019-11-22 10:32:18,400 DEBUG cellsites Applying K-Means Clustering
2019-11-22 10:32:18,400 DEBUG cellsites K-Means clustering applied
2019-11-22 10:32:18,438 DEBUG cellsites K = 8
2019-11-22 10:32:18,438 DEBUG cellsites Distortion = 0.010101825023683415
2019-11-22 10:32:18,438 DEBUG cellsites Applying K-Means Clustering
2019-11-22 10:32:18,438 DEBUG cellsites K-Means clustering applied
2019-11-22 10:32:18,485 DEBUG cellsites K = 9
2019-11-22 10:32:18,485 DEBUG cellsites Distortion = 0.009291328914572622
2019-11-22 10:32:18,485 DEBUG cellsites Applying K-Means Clustering
2019-11-22 10:32:18,485 DEBUG cellsites K-Means clustering applied
2019-11-22 10:32:18,525 DEBUG cellsites K = 10
2019-11-22 10:32:18,525 DEBUG cellsites Distortion = 0.008731110202902662
2019-11-22 10:32:18,525 DEBUG cellsites Applying K-Means Clustering
2019-11-22 10:32:18,526 DEBUG cellsites K-Means clustering applied
2019-11-22 10:32:18,572 DEBUG cellsites K = 11
2019-11-22 10:32:18,572 DEBUG cellsites Distortion = 0.008010018274947725
2019-11-22 10:32:18,572 DEBUG cellsites Applying K-Means Clustering
2019-11-22 10:32:18,572 DEBUG cellsites K-Means clustering applied
2019-11-22 10:32:18,620 DEBUG cellsites K = 12
2019-11-22 10:32:18,620 DEBUG cellsites Distortion = 0.007549455575179835
2019-11-22 10:32:18,620 DEBUG cellsites Applying K-Means Clustering
2019-11-22 10:32:18,620 DEBUG cellsites K-Means clustering applied
2019-11-22 10:32:18,669 DEBUG cellsites K = 13
2019-11-22 10:32:18,669 DEBUG cellsites Distortion = 0.007136219879960893
2019-11-22 10:32:18,669 DEBUG cellsites Applying K-Means Clustering
2019-11-22 10:32:18,669 DEBUG cellsites K-Means clustering applied
2019-11-22 10:32:18,721 DEBUG cellsites K = 14
2019-11-22 10:32:18,721 DEBUG cellsites Distortion = 0.006848076095450582
2019-11-22 10:32:18,721 DEBUG cellsites Applying K-Means Clustering
2019-11-22 10:32:18,721 DEBUG cellsites K-Means clustering applied
2019-11-22 10:32:18,775 DEBUG cellsites K = 15
2019-11-22 10:32:18,775 DEBUG cellsites Distortion = 0.006511591367223827
2019-11-22 10:32:18,775 DEBUG cellsites Applying K-Means Clustering
2019-11-22 10:32:18,775 DEBUG cellsites K-Means clustering applied
2019-11-22 10:32:18,833 DEBUG cellsites K = 16
2019-11-22 10:32:18,833 DEBUG cellsites Distortion = 0.006300040714802667
2019-11-22 10:32:18,833 DEBUG cellsites Optimal K = 17
2019-11-22 10:32:18,833 DEBUG cellsites Performing gradient descent
2019-11-22 10:32:18,834 DEBUG cellsites Applying K-Means Clustering
2019-11-22 10:32:18,834 DEBUG cellsites K-Means clustering applied
2019-11-22 10:32:18,867 DEBUG cellsites K = 5
2019-11-22 10:32:18,867 DEBUG cellsites Distortion = 0.011106758922385338
2019-11-22 10:32:18,867 DEBUG cellsites Applying K-Means Clustering
2019-11-22 10:32:18,867 DEBUG cellsites K-Means clustering applied
2019-11-22 10:32:18,905 DEBUG cellsites K = 6
2019-11-22 10:32:18,905 DEBUG cellsites Distortion = 0.010156352982405727
2019-11-22 10:32:18,905 DEBUG cellsites Applying K-Means Clustering
2019-11-22 10:32:18,905 DEBUG cellsites K-Means clustering applied
2019-11-22 10:32:18,950 DEBUG cellsites K = 7
2019-11-22 10:32:18,950 DEBUG cellsites Distortion = 0.00908064292582739
2019-11-22 10:32:18,950 DEBUG cellsites Applying K-Means Clustering
2019-11-22 10:32:18,950 DEBUG cellsites K-Means clustering applied
2019-11-22 10:32:19,002 DEBUG cellsites K = 8
2019-11-22 10:32:19,003 DEBUG cellsites Distortion = 0.008464488165485111
2019-11-22 10:32:19,003 DEBUG cellsites Applying K-Means Clustering
2019-11-22 10:32:19,003 DEBUG cellsites K-Means clustering applied
2019-11-22 10:32:19,053 DEBUG cellsites K = 9
2019-11-22 10:32:19,053 DEBUG cellsites Distortion = 0.007671303904157561
2019-11-22 10:32:19,053 DEBUG cellsites Applying K-Means Clustering
2019-11-22 10:32:19,053 DEBUG cellsites K-Means clustering applied
2019-11-22 10:32:19,103 DEBUG cellsites K = 10
2019-11-22 10:32:19,103 DEBUG cellsites Distortion = 0.0072152270498466575
2019-11-22 10:32:19,104 DEBUG cellsites Applying K-Means Clustering
2019-11-22 10:32:19,104 DEBUG cellsites K-Means clustering applied
2019-11-22 10:32:19,157 DEBUG cellsites K = 11
2019-11-22 10:32:19,157 DEBUG cellsites Distortion = 0.006873519945304863
2019-11-22 10:32:19,157 DEBUG cellsites Applying K-Means Clustering
2019-11-22 10:32:19,157 DEBUG cellsites K-Means clustering applied
2019-11-22 10:32:19,219 DEBUG cellsites K = 12
2019-11-22 10:32:19,219 DEBUG cellsites Distortion = 0.006258992349433313
2019-11-22 10:32:19,220 DEBUG cellsites Optimal K = 13
2019-11-22 10:32:19,220 DEBUG cellsites Performing gradient descent
2019-11-22 10:32:19,220 DEBUG cellsites Applying K-Means Clustering
2019-11-22 10:32:19,220 DEBUG cellsites K-Means clustering applied
2019-11-22 10:32:19,224 DEBUG cellsites K = 1
2019-11-22 10:32:19,224 DEBUG cellsites Distortion = 0.0
2019-11-22 10:32:19,224 DEBUG cellsites Optimal K = 2
2019-11-22 10:32:19,225 DEBUG cellsites Performing gradient descent
2019-11-22 10:32:19,225 DEBUG cellsites Applying K-Means Clustering
2019-11-22 10:32:19,225 DEBUG cellsites K-Means clustering applied
2019-11-22 10:32:19,229 DEBUG cellsites K = 1
2019-11-22 10:32:19,229 DEBUG cellsites Distortion = 0.0
2019-11-22 10:32:19,229 DEBUG cellsites Optimal K = 2
2019-11-22 10:32:19,229 DEBUG cellsites Performing gradient descent
2019-11-22 10:32:19,229 DEBUG cellsites Applying K-Means Clustering
2019-11-22 10:32:19,229 DEBUG cellsites K-Means clustering applied
2019-11-22 10:32:19,260 DEBUG cellsites K = 5
2019-11-22 10:32:19,260 DEBUG cellsites Distortion = 0.015983755307261146
2019-11-22 10:32:19,260 DEBUG cellsites Applying K-Means Clustering
2019-11-22 10:32:19,260 DEBUG cellsites K-Means clustering applied
2019-11-22 10:32:19,303 DEBUG cellsites K = 6
2019-11-22 10:32:19,303 DEBUG cellsites Distortion = 0.014141813252557051
2019-11-22 10:32:19,303 DEBUG cellsites Applying K-Means Clustering
2019-11-22 10:32:19,303 DEBUG cellsites K-Means clustering applied
2019-11-22 10:32:19,345 DEBUG cellsites K = 7
2019-11-22 10:32:19,345 DEBUG cellsites Distortion = 0.013024081482434188
2019-11-22 10:32:19,345 DEBUG cellsites Applying K-Means Clustering
2019-11-22 10:32:19,345 DEBUG cellsites K-Means clustering applied
2019-11-22 10:32:19,386 DEBUG cellsites K = 8
2019-11-22 10:32:19,386 DEBUG cellsites Distortion = 0.012052904528998645
2019-11-22 10:32:19,386 DEBUG cellsites Applying K-Means Clustering
2019-11-22 10:32:19,386 DEBUG cellsites K-Means clustering applied
2019-11-22 10:32:19,432 DEBUG cellsites K = 9
2019-11-22 10:32:19,432 DEBUG cellsites Distortion = 0.01116670072143506
2019-11-22 10:32:19,433 DEBUG cellsites Applying K-Means Clustering
2019-11-22 10:32:19,433 DEBUG cellsites K-Means clustering applied
2019-11-22 10:32:19,488 DEBUG cellsites K = 10
2019-11-22 10:32:19,488 DEBUG cellsites Distortion = 0.010670063912035656
2019-11-22 10:32:19,488 DEBUG cellsites Applying K-Means Clustering
2019-11-22 10:32:19,488 DEBUG cellsites K-Means clustering applied
2019-11-22 10:32:19,540 DEBUG cellsites K = 11
2019-11-22 10:32:19,540 DEBUG cellsites Distortion = 0.009814333951325112
2019-11-22 10:32:19,540 DEBUG cellsites Applying K-Means Clustering
2019-11-22 10:32:19,541 DEBUG cellsites K-Means clustering applied
2019-11-22 10:32:19,594 DEBUG cellsites K = 12
2019-11-22 10:32:19,594 DEBUG cellsites Distortion = 0.009520599242595393
2019-11-22 10:32:19,594 DEBUG cellsites Applying K-Means Clustering
2019-11-22 10:32:19,594 DEBUG cellsites K-Means clustering applied
2019-11-22 10:32:19,650 DEBUG cellsites K = 13
2019-11-22 10:32:19,651 DEBUG cellsites Distortion = 0.008997869379606489
2019-11-22 10:32:19,651 DEBUG cellsites Applying K-Means Clustering
2019-11-22 10:32:19,651 DEBUG cellsites K-Means clustering applied
2019-11-22 10:32:19,710 DEBUG cellsites K = 14
2019-11-22 10:32:19,710 DEBUG cellsites Distortion = 0.008395799786119868
2019-11-22 10:32:19,710 DEBUG cellsites Applying K-Means Clustering
2019-11-22 10:32:19,710 DEBUG cellsites K-Means clustering applied
2019-11-22 10:32:19,767 DEBUG cellsites K = 15
2019-11-22 10:32:19,767 DEBUG cellsites Distortion = 0.008183442132701908
2019-11-22 10:32:19,768 DEBUG cellsites Applying K-Means Clustering
2019-11-22 10:32:19,768 DEBUG cellsites K-Means clustering applied
2019-11-22 10:32:19,828 DEBUG cellsites K = 16
2019-11-22 10:32:19,828 DEBUG cellsites Distortion = 0.007697719937689951
2019-11-22 10:32:19,828 DEBUG cellsites Applying K-Means Clustering
2019-11-22 10:32:19,828 DEBUG cellsites K-Means clustering applied
2019-11-22 10:32:19,893 DEBUG cellsites K = 17
2019-11-22 10:32:19,893 DEBUG cellsites Distortion = 0.0073699789611534885
2019-11-22 10:32:19,893 DEBUG cellsites Applying K-Means Clustering
2019-11-22 10:32:19,893 DEBUG cellsites K-Means clustering applied
2019-11-22 10:32:19,966 DEBUG cellsites K = 18
2019-11-22 10:32:19,966 DEBUG cellsites Distortion = 0.007028404025227564
2019-11-22 10:32:19,966 DEBUG cellsites Applying K-Means Clustering
2019-11-22 10:32:19,966 DEBUG cellsites K-Means clustering applied
2019-11-22 10:32:20,034 DEBUG cellsites K = 19
2019-11-22 10:32:20,034 DEBUG cellsites Distortion = 0.006937237110640802
2019-11-22 10:32:20,034 DEBUG cellsites Applying K-Means Clustering
2019-11-22 10:32:20,034 DEBUG cellsites K-Means clustering applied
2019-11-22 10:32:20,108 DEBUG cellsites K = 20
2019-11-22 10:32:20,108 DEBUG cellsites Distortion = 0.006601620798073023
2019-11-22 10:32:20,108 DEBUG cellsites Applying K-Means Clustering
2019-11-22 10:32:20,108 DEBUG cellsites K-Means clustering applied
2019-11-22 10:32:20,183 DEBUG cellsites K = 21
2019-11-22 10:32:20,183 DEBUG cellsites Distortion = 0.0064437788252224276
2019-11-22 10:32:20,183 DEBUG cellsites Applying K-Means Clustering
2019-11-22 10:32:20,183 DEBUG cellsites K-Means clustering applied
2019-11-22 10:32:20,260 DEBUG cellsites K = 22
2019-11-22 10:32:20,260 DEBUG cellsites Distortion = 0.0062237403070264175
2019-11-22 10:32:20,260 DEBUG cellsites Optimal K = 23
2019-11-22 10:32:20,260 DEBUG cellsites Performing gradient descent
2019-11-22 10:32:20,260 DEBUG cellsites Applying K-Means Clustering
2019-11-22 10:32:20,260 DEBUG cellsites K-Means clustering applied
2019-11-22 10:32:20,265 DEBUG cellsites K = 1
2019-11-22 10:32:20,265 DEBUG cellsites Distortion = 0.0
2019-11-22 10:32:20,265 DEBUG cellsites Optimal K = 2
2019-11-22 10:32:20,265 DEBUG cellsites Performing gradient descent
2019-11-22 10:32:20,265 DEBUG cellsites Applying K-Means Clustering
2019-11-22 10:32:20,265 DEBUG cellsites K-Means clustering applied
2019-11-22 10:32:20,269 DEBUG cellsites K = 1
2019-11-22 10:32:20,270 DEBUG cellsites Distortion = 0.0
2019-11-22 10:32:20,270 DEBUG cellsites Optimal K = 2
2019-11-22 10:32:20,270 DEBUG cellsites Performing gradient descent
2019-11-22 10:32:20,270 DEBUG cellsites Applying K-Means Clustering
2019-11-22 10:32:20,270 DEBUG cellsites K-Means clustering applied
2019-11-22 10:32:20,274 DEBUG cellsites K = 1
2019-11-22 10:32:20,274 DEBUG cellsites Distortion = 0.0
2019-11-22 10:32:20,274 DEBUG cellsites Optimal K = 2
2019-11-22 10:32:20,274 DEBUG cellsites Performing gradient descent
2019-11-22 10:32:20,274 DEBUG cellsites Applying K-Means Clustering
2019-11-22 10:32:20,275 DEBUG cellsites K-Means clustering applied
2019-11-22 10:32:20,279 DEBUG cellsites K = 1
2019-11-22 10:32:20,279 DEBUG cellsites Distortion = 0.0
2019-11-22 10:32:20,279 DEBUG cellsites Optimal K = 2
2019-11-22 10:32:20,279 DEBUG cellsites Cellsite distribution done
