2019-11-22 10:32:12,282 DEBUG towersdistributor Towers Distributor Initialized
2019-11-22 10:32:12,282 DEBUG towersdistributor Performing Level 1 clustering
2019-11-22 10:32:15,714 DEBUG towersdistributor Level 1 clustering done
2019-11-22 10:32:15,715 DEBUG towersdistributor Performing Level 2 clustering
2019-11-22 10:32:20,279 DEBUG towersdistributor Level 2 clustering done
2019-11-22 10:32:20,279 DEBUG towersdistributor Formatting to dictionary
2019-11-22 10:32:20,281 DEBUG towersdistributor Regions dictionary formatted
2019-11-22 10:32:20,281 DEBUG towersdistributor Performing UBC optimization
2019-11-22 10:32:20,289 DEBUG towersdistributor UBC optimization done
2019-11-22 10:32:20,289 DEBUG towersdistributor Saving UBC dict to JSON
2019-11-22 10:32:20,322 DEBUG towersdistributor UBC dictionary saved to JSON
2019-11-22 10:32:20,322 DEBUG towersdistributor Creating Visuals
2019-11-22 10:32:22,253 DEBUG towersdistributor Visuals created
2019-11-22 10:32:22,253 DEBUG towersdistributor Calling default browser to open map
2019-11-22 10:32:22,301 DEBUG towersdistributor Evaluating model
2019-11-22 10:32:24,370 DEBUG towersdistributor Model evaluated
2019-11-22 10:34:59,708 DEBUG towersdistributor Towers Distributor Initialized
2019-11-22 10:34:59,709 DEBUG towersdistributor Performing Level 1 clustering
2019-11-22 10:36:50,835 DEBUG towersdistributor Towers Distributor Initialized
2019-11-22 10:36:50,835 DEBUG towersdistributor Performing Level 1 clustering
2019-11-22 10:37:23,410 DEBUG towersdistributor Towers Distributor Initialized
2019-11-22 10:37:23,410 DEBUG towersdistributor Performing Level 1 clustering
2019-11-22 10:37:25,145 DEBUG towersdistributor Level 1 clustering done
2019-11-22 10:37:25,145 DEBUG towersdistributor Performing Level 2 clustering
2019-11-22 10:37:30,702 DEBUG towersdistributor Level 2 clustering done
2019-11-22 10:37:30,702 DEBUG towersdistributor Formatting to dictionary
2019-11-22 10:37:30,703 DEBUG towersdistributor Regions dictionary formatted
2019-11-22 10:37:30,703 DEBUG towersdistributor Performing UBC optimization
2019-11-22 10:37:30,705 DEBUG towersdistributor UBC optimization done
2019-11-22 10:37:30,705 DEBUG towersdistributor Saving UBC dict to JSON
2019-11-22 10:37:30,737 DEBUG towersdistributor UBC dictionary saved to JSON
2019-11-22 10:37:30,737 DEBUG towersdistributor Creating Visuals
2019-11-22 10:37:32,739 DEBUG towersdistributor Visuals created
2019-11-22 10:37:32,739 DEBUG towersdistributor Calling default browser to open map
2019-11-22 10:37:32,915 DEBUG towersdistributor Evaluating model
2019-11-22 10:37:34,903 DEBUG towersdistributor Model evaluated
2019-11-22 10:40:58,978 DEBUG towersdistributor Towers Distributor Initialized
2019-11-22 10:40:58,978 DEBUG towersdistributor Performing Level 1 clustering
2019-11-22 10:41:00,585 DEBUG towersdistributor Level 1 clustering done
2019-11-22 10:41:00,585 DEBUG towersdistributor Performing Level 2 clustering
2019-11-22 10:41:05,978 DEBUG towersdistributor Level 2 clustering done
2019-11-22 10:41:05,978 DEBUG towersdistributor Formatting to dictionary
2019-11-22 10:41:05,979 DEBUG towersdistributor Regions dictionary formatted
2019-11-22 10:41:05,979 DEBUG towersdistributor Saving UBC dict to JSON
2019-11-22 10:41:06,011 DEBUG towersdistributor UBC dictionary saved to JSON
2019-11-22 10:41:06,011 DEBUG towersdistributor Creating Visuals
2019-11-22 10:41:08,121 DEBUG towersdistributor Visuals created
2019-11-22 10:41:08,121 DEBUG towersdistributor Calling default browser to open map
2019-11-22 10:41:08,189 DEBUG towersdistributor Evaluating model
2019-11-22 10:41:09,994 DEBUG towersdistributor Model evaluated
2019-11-22 10:42:06,576 DEBUG towersdistributor Towers Distributor Initialized
2019-11-22 10:42:06,576 DEBUG towersdistributor Performing Level 1 clustering
2019-11-22 10:42:08,176 DEBUG towersdistributor Level 1 clustering done
2019-11-22 10:42:08,177 DEBUG towersdistributor Performing Level 2 clustering
2019-11-22 10:42:13,836 DEBUG towersdistributor Level 2 clustering done
2019-11-22 10:42:13,836 DEBUG towersdistributor Formatting to dictionary
2019-11-22 10:42:13,837 DEBUG towersdistributor Regions dictionary formatted
2019-11-22 10:42:13,837 DEBUG towersdistributor Saving UBC dict to JSON
2019-11-22 10:42:13,870 DEBUG towersdistributor UBC dictionary saved to JSON
2019-11-22 10:42:13,870 DEBUG towersdistributor Creating Visuals
2019-11-22 10:42:16,032 DEBUG towersdistributor Visuals created
2019-11-22 10:42:16,032 DEBUG towersdistributor Calling default browser to open map
2019-11-22 10:42:16,122 DEBUG towersdistributor Evaluating model
2019-11-22 10:42:18,043 DEBUG towersdistributor Model evaluated
2019-11-22 10:42:32,915 DEBUG towersdistributor Towers Distributor Initialized
2019-11-22 10:42:32,916 DEBUG towersdistributor Performing Level 1 clustering
2019-11-22 10:42:34,511 DEBUG towersdistributor Level 1 clustering done
2019-11-22 10:42:34,511 DEBUG towersdistributor Performing Level 2 clustering
2019-11-22 10:42:39,744 DEBUG towersdistributor Level 2 clustering done
2019-11-22 10:42:39,744 DEBUG towersdistributor Formatting to dictionary
2019-11-22 10:42:39,744 DEBUG towersdistributor Regions dictionary formatted
2019-11-22 10:42:39,745 DEBUG towersdistributor Performing UBC optimization
2019-11-22 10:42:39,747 DEBUG towersdistributor UBC optimization done
2019-11-22 10:42:39,747 DEBUG towersdistributor Saving UBC dict to JSON
2019-11-22 10:42:39,781 DEBUG towersdistributor UBC dictionary saved to JSON
2019-11-22 10:42:39,782 DEBUG towersdistributor Creating Visuals
2019-11-22 10:42:41,679 DEBUG towersdistributor Visuals created
2019-11-22 10:42:41,680 DEBUG towersdistributor Calling default browser to open map
2019-11-22 10:42:41,749 DEBUG towersdistributor Evaluating model
2019-11-22 10:42:43,692 DEBUG towersdistributor Model evaluated
2019-11-22 10:46:38,184 DEBUG towersdistributor Towers Distributor Initialized
2019-11-22 10:46:38,185 DEBUG towersdistributor Performing Level 1 clustering
2019-11-22 10:46:42,141 DEBUG towersdistributor Level 1 clustering done
2019-11-22 10:46:42,141 DEBUG towersdistributor Performing Level 2 clustering
2019-11-22 10:46:46,366 DEBUG towersdistributor Level 2 clustering done
2019-11-22 10:46:46,366 DEBUG towersdistributor Formatting to dictionary
2019-11-22 10:46:46,370 DEBUG towersdistributor Regions dictionary formatted
2019-11-22 10:46:46,370 DEBUG towersdistributor Performing UBC optimization
2019-11-22 10:46:46,386 DEBUG towersdistributor UBC optimization done
2019-11-22 10:46:46,386 DEBUG towersdistributor Saving UBC dict to JSON
2019-11-22 10:46:46,421 DEBUG towersdistributor UBC dictionary saved to JSON
2019-11-22 10:46:46,421 DEBUG towersdistributor Creating Visuals
2019-11-22 10:46:48,441 DEBUG towersdistributor Visuals created
2019-11-22 10:46:48,441 DEBUG towersdistributor Calling default browser to open map
2019-11-22 10:46:48,536 DEBUG towersdistributor Evaluating model
2019-11-22 10:46:50,650 DEBUG towersdistributor Model evaluated
2019-11-22 10:47:20,839 DEBUG towersdistributor Towers Distributor Initialized
2019-11-22 10:47:20,840 DEBUG towersdistributor Performing Level 1 clustering
2019-11-22 10:47:25,858 DEBUG towersdistributor Level 1 clustering done
2019-11-22 10:47:25,859 DEBUG towersdistributor Performing Level 2 clustering
2019-11-22 10:47:30,896 DEBUG towersdistributor Level 2 clustering done
2019-11-22 10:47:30,896 DEBUG towersdistributor Formatting to dictionary
2019-11-22 10:47:30,899 DEBUG towersdistributor Regions dictionary formatted
2019-11-22 10:47:30,899 DEBUG towersdistributor Performing UBC optimization
2019-11-22 10:47:30,906 DEBUG towersdistributor UBC optimization done
2019-11-22 10:47:30,906 DEBUG towersdistributor Saving UBC dict to JSON
2019-11-22 10:47:30,938 DEBUG towersdistributor UBC dictionary saved to JSON
2019-11-22 10:47:30,939 DEBUG towersdistributor Creating Visuals
2019-11-22 10:47:33,010 DEBUG towersdistributor Visuals created
2019-11-22 10:47:33,010 DEBUG towersdistributor Calling default browser to open map
2019-11-22 10:47:33,082 DEBUG towersdistributor Evaluating model
2019-11-22 10:47:35,031 DEBUG towersdistributor Model evaluated
2019-11-22 10:48:47,250 DEBUG towersdistributor Towers Distributor Initialized
2019-11-22 10:48:47,250 DEBUG towersdistributor Performing Level 1 clustering
2019-11-22 10:48:48,907 DEBUG towersdistributor Level 1 clustering done
2019-11-22 10:48:48,907 DEBUG towersdistributor Performing Level 2 clustering
2019-11-22 10:48:55,781 DEBUG towersdistributor Level 2 clustering done
2019-11-22 10:48:55,781 DEBUG towersdistributor Formatting to dictionary
2019-11-22 10:48:55,782 DEBUG towersdistributor Regions dictionary formatted
2019-11-22 10:48:55,782 DEBUG towersdistributor Performing UBC optimization
2019-11-22 10:48:55,785 DEBUG towersdistributor UBC optimization done
2019-11-22 10:48:55,785 DEBUG towersdistributor Saving UBC dict to JSON
2019-11-22 10:48:55,820 DEBUG towersdistributor UBC dictionary saved to JSON
2019-11-22 10:48:55,820 DEBUG towersdistributor Creating Visuals
2019-11-22 10:48:57,759 DEBUG towersdistributor Visuals created
2019-11-22 10:48:57,759 DEBUG towersdistributor Calling default browser to open map
2019-11-22 10:48:57,823 DEBUG towersdistributor Evaluating model
2019-11-22 10:48:59,670 DEBUG towersdistributor Model evaluated
2019-11-22 11:49:09,278 DEBUG towersdistributor Towers Distributor Initialized
2019-11-22 11:49:09,279 DEBUG towersdistributor Performing Level 1 clustering
2019-11-22 11:49:10,915 DEBUG towersdistributor Level 1 clustering done
2019-11-22 11:49:10,915 DEBUG towersdistributor Performing Level 2 clustering
2019-11-22 11:49:16,144 DEBUG towersdistributor Level 2 clustering done
2019-11-22 11:49:16,144 DEBUG towersdistributor Formatting to dictionary
2019-11-22 11:49:16,145 DEBUG towersdistributor Regions dictionary formatted
2019-11-22 11:49:16,145 DEBUG towersdistributor Performing UBC optimization
2019-11-22 11:49:16,148 DEBUG towersdistributor UBC optimization done
2019-11-22 11:49:16,148 DEBUG towersdistributor Saving UBC dict to JSON
2019-11-22 11:49:16,182 DEBUG towersdistributor UBC dictionary saved to JSON
2019-11-22 11:49:16,182 DEBUG towersdistributor Creating Visuals
2019-11-22 11:49:18,344 DEBUG towersdistributor Visuals created
2019-11-22 11:49:18,344 DEBUG towersdistributor Calling default browser to open map
2019-11-22 11:49:18,411 DEBUG towersdistributor Evaluating model
2019-11-22 11:49:21,012 DEBUG towersdistributor Model evaluated
2019-11-22 19:52:13,367 DEBUG towersdistributor Towers Distributor Initialized
2019-11-22 19:52:13,369 DEBUG towersdistributor Performing Level 1 clustering
2019-11-22 19:52:15,196 DEBUG towersdistributor Level 1 clustering done
2019-11-22 19:52:15,197 DEBUG towersdistributor Performing Level 2 clustering
2019-11-22 19:52:20,190 DEBUG towersdistributor Level 2 clustering done
2019-11-22 19:52:20,190 DEBUG towersdistributor Formatting to dictionary
2019-11-22 19:52:20,190 DEBUG towersdistributor Regions dictionary formatted
2019-11-22 19:52:20,191 DEBUG towersdistributor Performing UBC optimization
2019-11-22 19:52:20,197 DEBUG towersdistributor UBC optimization done
2019-11-22 19:52:20,197 DEBUG towersdistributor Saving UBC dict to JSON
2019-11-22 19:52:20,230 DEBUG towersdistributor UBC dictionary saved to JSON
2019-11-22 19:52:20,230 DEBUG towersdistributor Creating Visuals
2019-11-22 19:53:33,490 DEBUG towersdistributor Towers Distributor Initialized
2019-11-22 19:53:33,491 DEBUG towersdistributor Performing Level 1 clustering
2019-11-22 19:53:35,839 DEBUG towersdistributor Level 1 clustering done
2019-11-22 19:53:35,839 DEBUG towersdistributor Performing Level 2 clustering
2019-11-22 19:53:41,647 DEBUG towersdistributor Level 2 clustering done
2019-11-22 19:53:41,647 DEBUG towersdistributor Formatting to dictionary
2019-11-22 19:53:41,647 DEBUG towersdistributor Regions dictionary formatted
2019-11-22 19:53:41,648 DEBUG towersdistributor Performing UBC optimization
2019-11-22 19:53:41,650 DEBUG towersdistributor UBC optimization done
2019-11-22 19:53:41,650 DEBUG towersdistributor Saving UBC dict to JSON
2019-11-22 19:53:41,689 DEBUG towersdistributor UBC dictionary saved to JSON
2019-11-22 19:53:41,689 DEBUG towersdistributor Creating Visuals
2019-11-22 20:00:40,129 DEBUG towersdistributor Towers Distributor Initialized
2019-11-22 20:00:40,129 DEBUG towersdistributor Performing Level 1 clustering
2019-11-22 20:00:43,591 DEBUG towersdistributor Level 1 clustering done
2019-11-22 20:00:43,591 DEBUG towersdistributor Performing Level 2 clustering
2019-11-22 20:00:47,841 DEBUG towersdistributor Level 2 clustering done
2019-11-22 20:00:47,841 DEBUG towersdistributor Formatting to dictionary
2019-11-22 20:00:47,843 DEBUG towersdistributor Regions dictionary formatted
2019-11-22 20:00:47,843 DEBUG towersdistributor Saving UBC dict to JSON
2019-11-22 20:00:47,885 DEBUG towersdistributor UBC dictionary saved to JSON
2019-11-22 20:00:47,885 DEBUG towersdistributor Creating Visuals
2019-11-22 20:01:02,143 DEBUG towersdistributor Visuals created
2019-11-22 20:01:02,143 DEBUG towersdistributor Calling default browser to open map
2019-11-22 20:01:02,234 DEBUG towersdistributor Evaluating model
2019-11-22 20:01:03,821 DEBUG towersdistributor Model evaluated
2019-11-22 20:01:28,590 DEBUG towersdistributor Towers Distributor Initialized
2019-11-22 20:01:28,590 DEBUG towersdistributor Performing Level 1 clustering
2019-11-22 20:01:33,438 DEBUG towersdistributor Level 1 clustering done
2019-11-22 20:01:33,438 DEBUG towersdistributor Performing Level 2 clustering
2019-11-22 20:01:38,174 DEBUG towersdistributor Level 2 clustering done
2019-11-22 20:01:38,174 DEBUG towersdistributor Formatting to dictionary
2019-11-22 20:01:38,176 DEBUG towersdistributor Regions dictionary formatted
2019-11-22 20:01:38,176 DEBUG towersdistributor Saving UBC dict to JSON
2019-11-22 20:01:38,210 DEBUG towersdistributor UBC dictionary saved to JSON
2019-11-22 20:01:38,211 DEBUG towersdistributor Creating Visuals
2019-11-22 20:02:14,733 DEBUG towersdistributor Visuals created
2019-11-22 20:02:14,733 DEBUG towersdistributor Calling default browser to open map
2019-11-22 20:02:14,821 DEBUG towersdistributor Evaluating model
2019-11-22 20:02:16,492 DEBUG towersdistributor Model evaluated
2019-11-22 20:02:49,495 DEBUG towersdistributor Towers Distributor Initialized
2019-11-22 20:02:49,495 DEBUG towersdistributor Performing Level 1 clustering
2019-11-22 20:02:52,044 DEBUG towersdistributor Level 1 clustering done
2019-11-22 20:02:52,045 DEBUG towersdistributor Performing Level 2 clustering
2019-11-22 20:02:57,544 DEBUG towersdistributor Level 2 clustering done
2019-11-22 20:02:57,544 DEBUG towersdistributor Formatting to dictionary
2019-11-22 20:02:57,545 DEBUG towersdistributor Regions dictionary formatted
2019-11-22 20:02:57,545 DEBUG towersdistributor Performing UBC optimization
2019-11-22 20:02:57,549 DEBUG towersdistributor UBC optimization done
2019-11-22 20:02:57,549 DEBUG towersdistributor Saving UBC dict to JSON
2019-11-22 20:02:57,585 DEBUG towersdistributor UBC dictionary saved to JSON
2019-11-22 20:02:57,586 DEBUG towersdistributor Creating Visuals
2019-11-22 20:03:04,577 DEBUG towersdistributor Visuals created
2019-11-22 20:03:04,577 DEBUG towersdistributor Calling default browser to open map
2019-11-22 20:03:04,653 DEBUG towersdistributor Evaluating model
2019-11-22 20:03:06,316 DEBUG towersdistributor Model evaluated
2019-11-22 20:05:18,922 DEBUG towersdistributor Towers Distributor Initialized
2019-11-22 20:05:18,922 DEBUG towersdistributor Performing Level 1 clustering
2019-11-22 20:05:23,454 DEBUG towersdistributor Level 1 clustering done
2019-11-22 20:05:23,454 DEBUG towersdistributor Performing Level 2 clustering
2019-11-22 20:05:27,907 DEBUG towersdistributor Level 2 clustering done
2019-11-22 20:05:27,908 DEBUG towersdistributor Formatting to dictionary
2019-11-22 20:05:27,910 DEBUG towersdistributor Regions dictionary formatted
2019-11-22 20:05:27,910 DEBUG towersdistributor Performing UBC optimization
2019-11-22 20:05:27,915 DEBUG towersdistributor UBC optimization done
2019-11-22 20:05:27,915 DEBUG towersdistributor Saving UBC dict to JSON
2019-11-22 20:05:27,955 DEBUG towersdistributor UBC dictionary saved to JSON
2019-11-22 20:05:27,955 DEBUG towersdistributor Creating Visuals
2019-11-22 20:05:41,989 DEBUG towersdistributor Visuals created
2019-11-22 20:05:41,989 DEBUG towersdistributor Calling default browser to open map
2019-11-22 20:05:42,063 DEBUG towersdistributor Evaluating model
2019-11-22 20:05:44,268 DEBUG towersdistributor Model evaluated
2019-11-22 20:06:04,090 DEBUG towersdistributor Towers Distributor Initialized
2019-11-22 20:06:04,090 DEBUG towersdistributor Performing Level 1 clustering
2019-11-22 20:06:07,635 DEBUG towersdistributor Level 1 clustering done
2019-11-22 20:06:07,635 DEBUG towersdistributor Performing Level 2 clustering
2019-11-22 20:06:11,951 DEBUG towersdistributor Level 2 clustering done
2019-11-22 20:06:11,951 DEBUG towersdistributor Formatting to dictionary
2019-11-22 20:06:11,953 DEBUG towersdistributor Regions dictionary formatted
2019-11-22 20:06:11,953 DEBUG towersdistributor Performing UBC optimization
2019-11-22 20:06:11,961 DEBUG towersdistributor UBC optimization done
2019-11-22 20:06:11,961 DEBUG towersdistributor Saving UBC dict to JSON
2019-11-22 20:06:11,993 DEBUG towersdistributor UBC dictionary saved to JSON
2019-11-22 20:06:11,993 DEBUG towersdistributor Creating Visuals
2019-11-22 20:06:19,627 DEBUG towersdistributor Visuals created
2019-11-22 20:06:19,627 DEBUG towersdistributor Calling default browser to open map
2019-11-22 20:06:19,702 DEBUG towersdistributor Evaluating model
2019-11-22 20:06:22,731 DEBUG towersdistributor Model evaluated
2019-11-22 20:06:36,074 DEBUG towersdistributor Towers Distributor Initialized
2019-11-22 20:06:36,074 DEBUG towersdistributor Performing Level 1 clustering
2019-11-22 20:06:40,731 DEBUG towersdistributor Level 1 clustering done
2019-11-22 20:06:40,731 DEBUG towersdistributor Performing Level 2 clustering
2019-11-22 20:06:45,127 DEBUG towersdistributor Level 2 clustering done
2019-11-22 20:06:45,127 DEBUG towersdistributor Formatting to dictionary
2019-11-22 20:06:45,128 DEBUG towersdistributor Regions dictionary formatted
2019-11-22 20:06:45,129 DEBUG towersdistributor Saving UBC dict to JSON
2019-11-22 20:06:45,163 DEBUG towersdistributor UBC dictionary saved to JSON
2019-11-22 20:06:45,163 DEBUG towersdistributor Creating Visuals
2019-11-22 20:07:08,142 DEBUG towersdistributor Visuals created
2019-11-22 20:07:08,142 DEBUG towersdistributor Calling default browser to open map
2019-11-22 20:07:08,251 DEBUG towersdistributor Evaluating model
2019-11-22 20:07:10,135 DEBUG towersdistributor Model evaluated
2019-11-22 20:17:52,684 DEBUG towersdistributor Towers Distributor Initialized
2019-11-22 20:17:52,684 DEBUG towersdistributor Performing Level 1 clustering
2019-11-22 20:17:54,289 DEBUG towersdistributor Level 1 clustering done
2019-11-22 20:17:54,290 DEBUG towersdistributor Performing Level 2 clustering
2019-11-22 20:17:59,289 DEBUG towersdistributor Level 2 clustering done
2019-11-22 20:17:59,290 DEBUG towersdistributor Formatting to dictionary
2019-11-22 20:17:59,291 DEBUG towersdistributor Regions dictionary formatted
2019-11-22 20:17:59,291 DEBUG towersdistributor Performing UBC optimization
2019-11-22 20:17:59,295 DEBUG towersdistributor UBC optimization done
2019-11-22 20:17:59,295 DEBUG towersdistributor Saving UBC dict to JSON
2019-11-22 20:17:59,329 DEBUG towersdistributor UBC dictionary saved to JSON
2019-11-22 20:17:59,329 DEBUG towersdistributor Creating Visuals
2019-11-22 20:18:31,982 DEBUG towersdistributor Visuals created
2019-11-22 20:18:31,982 DEBUG towersdistributor Calling default browser to open map
2019-11-22 20:18:32,053 DEBUG towersdistributor Evaluating model
2019-11-22 20:18:33,346 DEBUG towersdistributor Model evaluated
2019-11-22 20:40:27,614 DEBUG towersdistributor Towers Distributor Initialized
2019-11-22 20:40:27,614 DEBUG towersdistributor Performing Level 1 clustering
2019-11-22 20:40:30,081 DEBUG towersdistributor Level 1 clustering done
2019-11-22 20:40:30,081 DEBUG towersdistributor Performing Level 2 clustering
2019-11-22 20:40:36,303 DEBUG towersdistributor Level 2 clustering done
2019-11-22 20:40:36,303 DEBUG towersdistributor Formatting to dictionary
2019-11-22 20:40:36,304 DEBUG towersdistributor Regions dictionary formatted
2019-11-22 20:40:36,304 DEBUG towersdistributor Performing UBC optimization
2019-11-22 20:40:36,310 DEBUG towersdistributor UBC optimization done
2019-11-22 20:40:36,310 DEBUG towersdistributor Saving UBC dict to JSON
2019-11-22 20:40:36,346 DEBUG towersdistributor UBC dictionary saved to JSON
2019-11-22 20:40:36,346 DEBUG towersdistributor Creating Visuals
2019-11-22 20:40:41,113 DEBUG towersdistributor Visuals created
2019-11-22 20:40:41,113 DEBUG towersdistributor Calling default browser to open map
2019-11-22 20:40:41,206 DEBUG towersdistributor Evaluating model
2019-11-22 20:40:42,486 DEBUG towersdistributor Model evaluated
2019-11-23 18:44:49,924 DEBUG towersdistributor Towers Distributor Initialized
2019-11-23 18:44:49,925 DEBUG towersdistributor Performing Level 1 clustering
2019-11-23 18:57:58,958 DEBUG towersdistributor Towers Distributor Initialized
2019-11-23 18:57:58,958 DEBUG towersdistributor Performing Level 1 clustering
2019-11-23 19:06:19,438 DEBUG towersdistributor Level 1 clustering done
2019-11-23 19:06:19,438 DEBUG towersdistributor Performing Level 2 clustering
2019-11-23 19:06:31,199 DEBUG towersdistributor Level 2 clustering done
2019-11-23 19:06:31,200 DEBUG towersdistributor Formatting to dictionary
2019-11-23 19:06:31,226 DEBUG towersdistributor Regions dictionary formatted
2019-11-23 19:06:31,226 DEBUG towersdistributor Performing UBC optimization
2019-11-23 19:06:31,552 DEBUG towersdistributor UBC optimization done
2019-11-23 19:06:31,552 DEBUG towersdistributor Saving UBC dict to JSON
2019-11-23 19:06:31,565 DEBUG towersdistributor UBC dictionary saved to JSON
2019-11-23 19:06:31,566 DEBUG towersdistributor Creating Visuals
2019-11-23 19:06:57,465 DEBUG towersdistributor Visuals created
2019-11-23 19:06:57,465 DEBUG towersdistributor Calling default browser to open map
2019-11-23 19:06:57,524 DEBUG towersdistributor Evaluating model
2019-11-23 19:06:58,094 DEBUG towersdistributor Model evaluated
2019-11-23 19:11:04,604 DEBUG towersdistributor Towers Distributor Initialized
2019-11-23 19:11:04,604 DEBUG towersdistributor Performing Level 1 clustering
2019-11-23 19:11:06,258 DEBUG towersdistributor Level 1 clustering done
2019-11-23 19:11:06,258 DEBUG towersdistributor Performing Level 2 clustering
2019-11-23 19:11:11,631 DEBUG towersdistributor Level 2 clustering done
2019-11-23 19:11:11,631 DEBUG towersdistributor Formatting to dictionary
2019-11-23 19:11:11,632 DEBUG towersdistributor Regions dictionary formatted
2019-11-23 19:11:11,632 DEBUG towersdistributor Performing UBC optimization
2019-11-23 19:11:11,635 DEBUG towersdistributor UBC optimization done
2019-11-23 19:11:11,635 DEBUG towersdistributor Saving UBC dict to JSON
2019-11-23 19:11:11,667 DEBUG towersdistributor UBC dictionary saved to JSON
2019-11-23 19:11:11,667 DEBUG towersdistributor Creating Visuals
2019-11-23 19:11:18,102 DEBUG towersdistributor Visuals created
2019-11-23 19:11:18,103 DEBUG towersdistributor Calling default browser to open map
2019-11-23 19:11:18,159 DEBUG towersdistributor Evaluating model
2019-11-23 19:11:20,352 DEBUG towersdistributor Model evaluated
2019-11-23 19:17:37,426 DEBUG towersdistributor Towers Distributor Initialized
2019-11-23 19:17:37,427 DEBUG towersdistributor Performing Level 1 clustering
2019-11-23 19:17:39,273 DEBUG towersdistributor Level 1 clustering done
2019-11-23 19:17:39,274 DEBUG towersdistributor Performing Level 2 clustering
2019-11-23 19:17:46,493 DEBUG towersdistributor Level 2 clustering done
2019-11-23 19:17:46,493 DEBUG towersdistributor Formatting to dictionary
2019-11-23 19:17:46,494 DEBUG towersdistributor Regions dictionary formatted
2019-11-23 19:17:46,494 DEBUG towersdistributor Performing UBC optimization
2019-11-23 19:17:46,497 DEBUG towersdistributor UBC optimization done
2019-11-23 19:17:46,497 DEBUG towersdistributor Saving UBC dict to JSON
2019-11-23 19:17:46,555 DEBUG towersdistributor UBC dictionary saved to JSON
2019-11-23 19:17:46,556 DEBUG towersdistributor Creating Visuals
2019-11-23 19:17:51,243 DEBUG towersdistributor Visuals created
2019-11-23 19:17:51,243 DEBUG towersdistributor Calling default browser to open map
2019-11-23 19:17:51,298 DEBUG towersdistributor Evaluating model
2019-11-23 19:17:53,053 DEBUG towersdistributor Model evaluated
2019-11-23 19:22:52,022 DEBUG towersdistributor Towers Distributor Initialized
2019-11-23 19:22:52,022 DEBUG towersdistributor Performing Level 1 clustering
2019-11-23 19:22:53,652 DEBUG towersdistributor Level 1 clustering done
2019-11-23 19:22:53,652 DEBUG towersdistributor Performing Level 2 clustering
2019-11-23 19:22:59,152 DEBUG towersdistributor Level 2 clustering done
2019-11-23 19:22:59,152 DEBUG towersdistributor Formatting to dictionary
2019-11-23 19:22:59,153 DEBUG towersdistributor Regions dictionary formatted
2019-11-23 19:22:59,153 DEBUG towersdistributor Performing UBC optimization
2019-11-23 19:22:59,156 DEBUG towersdistributor UBC optimization done
2019-11-23 19:22:59,156 DEBUG towersdistributor Saving UBC dict to JSON
2019-11-23 19:22:59,194 DEBUG towersdistributor UBC dictionary saved to JSON
2019-11-23 19:22:59,194 DEBUG towersdistributor Creating Visuals
2019-11-23 19:23:01,336 DEBUG towersdistributor Visuals created
2019-11-23 19:23:01,336 DEBUG towersdistributor Calling default browser to open map
2019-11-23 19:23:01,435 DEBUG towersdistributor Evaluating model
2019-11-23 19:23:03,363 DEBUG towersdistributor Model evaluated
2019-11-24 10:24:56,384 DEBUG towersdistributor Towers Distributor Initialized
2019-11-24 10:24:56,385 DEBUG towersdistributor Performing Level 1 clustering
2019-11-24 10:27:09,817 DEBUG towersdistributor Towers Distributor Initialized
2019-11-24 10:27:16,280 DEBUG towersdistributor Performing Level 1 clustering
2019-11-24 10:35:55,474 DEBUG towersdistributor Level 1 clustering done
2019-11-24 10:37:50,383 DEBUG towersdistributor Performing Level 2 clustering
2019-11-24 10:38:11,324 DEBUG towersdistributor Level 2 clustering done
2019-11-24 10:38:33,156 DEBUG towersdistributor Formatting to dictionary
2019-11-24 10:38:33,222 DEBUG towersdistributor Regions dictionary formatted
2019-11-24 10:39:03,131 DEBUG towersdistributor Performing UBC optimization
2019-11-24 10:39:03,875 DEBUG towersdistributor UBC optimization done
2019-11-24 10:39:45,446 DEBUG towersdistributor Saving UBC dict to JSON
2019-11-24 10:39:45,488 DEBUG towersdistributor UBC dictionary saved to JSON
2019-11-24 10:40:45,625 DEBUG towersdistributor Creating Visuals
2019-11-24 10:41:04,620 DEBUG towersdistributor Visuals created
2019-11-24 10:41:04,620 DEBUG towersdistributor Calling default browser to open map
2019-11-24 10:42:20,263 DEBUG towersdistributor Evaluating model
2019-11-24 10:43:17,243 DEBUG towersdistributor Model evaluated
2019-11-24 10:52:02,066 DEBUG towersdistributor Towers Distributor Initialized
2019-11-24 10:52:02,067 DEBUG towersdistributor Performing Level 1 clustering
2019-11-24 11:01:09,579 DEBUG towersdistributor Level 1 clustering done
2019-11-24 11:01:09,579 DEBUG towersdistributor Performing Level 2 clustering
2019-11-24 11:01:24,795 DEBUG towersdistributor Level 2 clustering done
2019-11-24 11:01:24,795 DEBUG towersdistributor Formatting to dictionary
2019-11-24 11:01:24,822 DEBUG towersdistributor Regions dictionary formatted
2019-11-24 11:01:24,822 DEBUG towersdistributor Performing UBC optimization
2019-11-24 11:01:25,209 DEBUG towersdistributor UBC optimization done
2019-11-24 11:01:25,209 DEBUG towersdistributor Saving UBC dict to JSON
2019-11-24 11:01:25,230 DEBUG towersdistributor UBC dictionary saved to JSON
2019-11-24 11:01:25,230 DEBUG towersdistributor Creating Visuals
2019-11-24 11:01:35,431 DEBUG towersdistributor Visuals created
2019-11-24 11:01:35,432 DEBUG towersdistributor Calling default browser to open map
2019-11-24 11:01:35,518 DEBUG towersdistributor Evaluating model
2019-11-24 11:01:36,203 DEBUG towersdistributor Model evaluated
2019-11-24 11:04:35,878 DEBUG towersdistributor Towers Distributor Initialized
2019-11-24 11:04:35,878 DEBUG towersdistributor Performing Level 1 clustering
2019-11-24 11:13:40,092 DEBUG towersdistributor Level 1 clustering done
2019-11-24 11:13:40,093 DEBUG towersdistributor Performing Level 2 clustering
2019-11-24 11:14:02,378 DEBUG towersdistributor Level 2 clustering done
2019-11-24 11:14:02,379 DEBUG towersdistributor Formatting to dictionary
2019-11-24 11:15:27,862 DEBUG towersdistributor Regions dictionary formatted
2019-11-24 11:16:21,786 DEBUG towersdistributor Performing UBC optimization
2019-11-24 11:24:05,749 DEBUG towersdistributor UBC optimization done
2019-11-24 11:24:22,791 DEBUG towersdistributor Saving UBC dict to JSON
2019-11-24 11:29:19,968 DEBUG towersdistributor Towers Distributor Initialized
2019-11-24 11:29:19,969 DEBUG towersdistributor Performing Level 1 clustering
2019-11-24 11:38:15,736 DEBUG towersdistributor Level 1 clustering done
2019-11-24 11:38:15,736 DEBUG towersdistributor Performing Level 2 clustering
2019-11-24 11:38:30,137 DEBUG towersdistributor Level 2 clustering done
2019-11-24 11:38:30,137 DEBUG towersdistributor Formatting to dictionary
2019-11-24 11:38:30,166 DEBUG towersdistributor Regions dictionary formatted
2019-11-24 11:38:30,166 DEBUG towersdistributor Performing UBC optimization
2019-11-24 11:38:30,528 DEBUG towersdistributor UBC optimization done
2019-11-24 11:38:30,529 DEBUG towersdistributor Saving UBC dict to JSON
2019-11-24 11:38:30,552 DEBUG towersdistributor UBC dictionary saved to JSON
2019-11-24 11:38:30,552 DEBUG towersdistributor Creating Visuals
2019-11-24 11:38:40,954 DEBUG towersdistributor Visuals created
2019-11-24 11:38:40,955 DEBUG towersdistributor Calling default browser to open map
2019-11-24 11:38:41,282 DEBUG towersdistributor Evaluating model
2019-11-24 11:40:01,015 DEBUG towersdistributor Towers Distributor Initialized
2019-11-24 11:40:01,015 DEBUG towersdistributor Performing Level 1 clustering
2019-11-24 11:49:26,728 DEBUG towersdistributor Level 1 clustering done
2019-11-24 11:49:26,728 DEBUG towersdistributor Performing Level 2 clustering
2019-11-24 11:49:39,748 DEBUG towersdistributor Level 2 clustering done
2019-11-24 11:49:39,748 DEBUG towersdistributor Formatting to dictionary
2019-11-24 11:49:39,775 DEBUG towersdistributor Regions dictionary formatted
2019-11-24 11:49:39,775 DEBUG towersdistributor Performing UBC optimization
2019-11-24 11:49:40,102 DEBUG towersdistributor UBC optimization done
2019-11-24 11:49:40,102 DEBUG towersdistributor Saving UBC dict to JSON
2019-11-24 11:49:40,119 DEBUG towersdistributor UBC dictionary saved to JSON
2019-11-24 11:49:40,119 DEBUG towersdistributor Creating Visuals
2019-11-24 11:49:51,233 DEBUG towersdistributor Visuals created
2019-11-24 11:49:51,233 DEBUG towersdistributor Calling default browser to open map
2019-11-24 11:49:51,331 DEBUG towersdistributor Evaluating model
2019-11-24 11:50:00,470 DEBUG towersdistributor Model evaluated
2019-11-24 12:03:01,041 DEBUG towersdistributor Towers Distributor Initialized
2019-11-24 12:03:01,041 DEBUG towersdistributor Performing Level 1 clustering
2019-11-24 12:12:04,267 DEBUG towersdistributor Level 1 clustering done
2019-11-24 12:12:04,267 DEBUG towersdistributor Performing Level 2 clustering
2019-11-24 12:12:19,386 DEBUG towersdistributor Level 2 clustering done
2019-11-24 12:12:19,386 DEBUG towersdistributor Formatting to dictionary
2019-11-24 12:12:19,422 DEBUG towersdistributor Regions dictionary formatted
2019-11-24 12:12:19,423 DEBUG towersdistributor Performing UBC optimization
2019-11-24 12:12:19,800 DEBUG towersdistributor UBC optimization done
2019-11-24 12:12:19,801 DEBUG towersdistributor Saving UBC dict to JSON
2019-11-24 12:12:19,816 DEBUG towersdistributor UBC dictionary saved to JSON
2019-11-24 12:12:19,817 DEBUG towersdistributor Creating Visuals
2019-11-24 12:12:30,131 DEBUG towersdistributor Visuals created
2019-11-24 12:12:30,132 DEBUG towersdistributor Calling default browser to open map
2019-11-24 12:12:30,222 DEBUG towersdistributor Evaluating model
2019-11-24 12:12:39,801 DEBUG towersdistributor Model evaluated
2019-11-24 13:49:12,437 DEBUG towersdistributor Towers Distributor Initialized
2019-11-24 13:49:12,439 DEBUG towersdistributor Performing Level 1 clustering
2019-11-24 13:58:07,100 DEBUG towersdistributor Level 1 clustering done
2019-11-24 13:58:07,102 DEBUG towersdistributor Performing Level 2 clustering
2019-11-24 13:58:22,579 DEBUG towersdistributor Level 2 clustering done
2019-11-24 13:58:22,580 DEBUG towersdistributor Formatting to dictionary
2019-11-24 13:58:22,606 DEBUG towersdistributor Regions dictionary formatted
2019-11-24 13:58:22,606 DEBUG towersdistributor Performing UBC optimization
2019-11-24 13:58:22,952 DEBUG towersdistributor UBC optimization done
2019-11-24 13:58:22,952 DEBUG towersdistributor Saving UBC dict to JSON
2019-11-24 14:19:47,557 DEBUG towersdistributor Towers Distributor Initialized
2019-11-24 14:19:47,557 DEBUG towersdistributor Performing Level 1 clustering
2019-11-24 14:19:49,190 DEBUG towersdistributor Level 1 clustering done
2019-11-24 14:19:49,190 DEBUG towersdistributor Performing Level 2 clustering
2019-11-24 14:19:56,181 DEBUG towersdistributor Level 2 clustering done
2019-11-24 14:19:56,181 DEBUG towersdistributor Formatting to dictionary
2019-11-24 14:19:56,182 DEBUG towersdistributor Regions dictionary formatted
2019-11-24 14:19:56,182 DEBUG towersdistributor Performing Region optimization
2019-11-24 14:19:56,186 DEBUG towersdistributor UBC optimization done
2019-11-24 14:19:56,186 DEBUG towersdistributor Saving UBC dict to JSON
2019-11-24 14:20:26,372 DEBUG towersdistributor Towers Distributor Initialized
2019-11-24 14:20:26,373 DEBUG towersdistributor Performing Level 1 clustering
2019-11-24 14:20:28,086 DEBUG towersdistributor Level 1 clustering done
2019-11-24 14:20:28,086 DEBUG towersdistributor Performing Level 2 clustering
2019-11-24 14:20:37,958 DEBUG towersdistributor Level 2 clustering done
2019-11-24 14:20:37,958 DEBUG towersdistributor Formatting to dictionary
2019-11-24 14:20:37,960 DEBUG towersdistributor Regions dictionary formatted
2019-11-24 14:20:37,960 DEBUG towersdistributor Performing Region optimization
2019-11-24 14:20:37,967 DEBUG towersdistributor UBC optimization done
2019-11-24 14:20:37,967 DEBUG towersdistributor Saving UBC dict to JSON
2019-11-24 14:21:17,923 DEBUG towersdistributor Towers Distributor Initialized
2019-11-24 14:21:17,923 DEBUG towersdistributor Performing Level 1 clustering
2019-11-24 14:21:19,737 DEBUG towersdistributor Level 1 clustering done
2019-11-24 14:21:19,738 DEBUG towersdistributor Performing Level 2 clustering
2019-11-24 14:21:26,584 DEBUG towersdistributor Level 2 clustering done
2019-11-24 14:21:26,584 DEBUG towersdistributor Formatting to dictionary
2019-11-24 14:21:26,585 DEBUG towersdistributor Regions dictionary formatted
2019-11-24 14:21:26,586 DEBUG towersdistributor Performing Region optimization
2019-11-24 14:21:26,591 DEBUG towersdistributor UBC optimization done
2019-11-24 14:21:26,591 DEBUG towersdistributor Saving UBC dict to JSON
2019-11-24 14:21:26,780 DEBUG towersdistributor UBC dictionary saved to JSON
2019-11-24 14:21:26,780 DEBUG towersdistributor Creating Visuals
2019-11-24 14:21:29,217 DEBUG towersdistributor Visuals created
2019-11-24 14:21:29,217 DEBUG towersdistributor Calling default browser to open map
2019-11-24 14:21:29,377 DEBUG towersdistributor Evaluating model
2019-11-24 14:21:31,134 DEBUG towersdistributor Model evaluated
2019-11-24 14:22:15,879 DEBUG towersdistributor Towers Distributor Initialized
2019-11-24 14:22:15,879 DEBUG towersdistributor Performing Level 1 clustering
2019-11-24 14:31:14,328 DEBUG towersdistributor Level 1 clustering done
2019-11-24 14:31:14,328 DEBUG towersdistributor Performing Level 2 clustering
2019-11-24 14:31:29,082 DEBUG towersdistributor Level 2 clustering done
2019-11-24 14:31:29,082 DEBUG towersdistributor Formatting to dictionary
2019-11-24 14:31:29,116 DEBUG towersdistributor Regions dictionary formatted
2019-11-24 14:31:29,116 DEBUG towersdistributor Performing Region optimization
2019-11-24 14:31:29,477 DEBUG towersdistributor UBC optimization done
2019-11-24 14:31:29,477 DEBUG towersdistributor Saving UBC dict to JSON
2019-11-24 14:31:30,259 DEBUG towersdistributor UBC dictionary saved to JSON
2019-11-24 14:31:30,259 DEBUG towersdistributor Creating Visuals
2019-11-24 14:31:41,068 DEBUG towersdistributor Visuals created
2019-11-24 14:31:41,069 DEBUG towersdistributor Calling default browser to open map
2019-11-24 14:31:41,165 DEBUG towersdistributor Evaluating model
2019-11-24 14:31:50,321 DEBUG towersdistributor Model evaluated
2019-11-24 16:27:20,396 DEBUG towersdistributor Towers Distributor Initialized
2019-11-24 16:27:20,396 DEBUG towersdistributor Performing Level 1 clustering
2019-11-24 16:27:22,136 DEBUG towersdistributor Level 1 clustering done
2019-11-24 16:27:22,136 DEBUG towersdistributor Performing Level 2 clustering
2019-11-24 16:27:35,355 DEBUG towersdistributor Level 2 clustering done
2019-11-24 16:27:35,355 DEBUG towersdistributor Formatting to dictionary
2019-11-24 16:27:35,356 DEBUG towersdistributor Regions dictionary formatted
2019-11-24 16:27:35,356 DEBUG towersdistributor Performing Region optimization
2019-11-24 16:27:35,359 DEBUG towersdistributor UBC optimization done
2019-11-24 16:27:35,359 DEBUG towersdistributor Saving UBC dict to JSON
2019-11-24 16:27:35,554 DEBUG towersdistributor UBC dictionary saved to JSON
2019-11-24 16:27:35,554 DEBUG towersdistributor Creating Visuals
2019-11-24 16:27:38,074 DEBUG towersdistributor Visuals created
2019-11-24 16:27:38,074 DEBUG towersdistributor Calling default browser to open map
2019-11-24 16:27:38,148 DEBUG towersdistributor Evaluating model
2019-11-24 16:27:42,748 DEBUG towersdistributor Model evaluated
2019-11-24 16:29:46,493 DEBUG towersdistributor Towers Distributor Initialized
2019-11-24 16:29:46,493 DEBUG towersdistributor Performing Level 1 clustering
2019-11-24 16:29:48,117 DEBUG towersdistributor Level 1 clustering done
2019-11-24 16:29:48,117 DEBUG towersdistributor Performing Level 2 clustering
2019-11-24 16:30:00,696 DEBUG towersdistributor Level 2 clustering done
2019-11-24 16:30:00,696 DEBUG towersdistributor Formatting to dictionary
2019-11-24 16:30:00,697 DEBUG towersdistributor Regions dictionary formatted
2019-11-24 16:30:00,697 DEBUG towersdistributor Performing Region optimization
2019-11-24 16:30:00,700 DEBUG towersdistributor UBC optimization done
2019-11-24 16:30:00,701 DEBUG towersdistributor Saving UBC dict to JSON
2019-11-24 16:30:00,867 DEBUG towersdistributor UBC dictionary saved to JSON
2019-11-24 16:30:00,867 DEBUG towersdistributor Creating Visuals
2019-11-24 16:30:03,296 DEBUG towersdistributor Visuals created
2019-11-24 16:30:03,296 DEBUG towersdistributor Calling default browser to open map
2019-11-24 16:30:03,396 DEBUG towersdistributor Evaluating model
2019-11-24 16:30:06,207 DEBUG towersdistributor Model evaluated
2019-11-24 16:30:49,347 DEBUG towersdistributor Towers Distributor Initialized
2019-11-24 16:30:49,348 DEBUG towersdistributor Performing Level 1 clustering
2019-11-24 16:30:51,017 DEBUG towersdistributor Level 1 clustering done
2019-11-24 16:30:51,017 DEBUG towersdistributor Performing Level 2 clustering
2019-11-24 16:31:03,497 DEBUG towersdistributor Level 2 clustering done
2019-11-24 16:31:03,498 DEBUG towersdistributor Formatting to dictionary
2019-11-24 16:31:03,498 DEBUG towersdistributor Regions dictionary formatted
2019-11-24 16:31:03,499 DEBUG towersdistributor Performing Region optimization
2019-11-24 16:31:03,502 DEBUG towersdistributor UBC optimization done
2019-11-24 16:31:03,502 DEBUG towersdistributor Saving UBC dict to JSON
2019-11-24 16:31:03,672 DEBUG towersdistributor UBC dictionary saved to JSON
2019-11-24 16:31:03,672 DEBUG towersdistributor Creating Visuals
2019-11-24 16:31:06,290 DEBUG towersdistributor Visuals created
2019-11-24 16:31:06,291 DEBUG towersdistributor Calling default browser to open map
2019-11-24 16:31:06,375 DEBUG towersdistributor Evaluating model
2019-11-24 16:31:09,058 DEBUG towersdistributor Model evaluated
2019-11-24 16:31:27,027 DEBUG towersdistributor Towers Distributor Initialized
2019-11-24 16:31:27,028 DEBUG towersdistributor Performing Level 1 clustering
2019-11-24 16:39:43,697 DEBUG towersdistributor Level 1 clustering done
2019-11-24 16:39:43,698 DEBUG towersdistributor Performing Level 2 clustering
2019-11-24 16:40:16,217 DEBUG towersdistributor Level 2 clustering done
2019-11-24 16:40:16,217 DEBUG towersdistributor Formatting to dictionary
2019-11-24 16:40:16,252 DEBUG towersdistributor Regions dictionary formatted
2019-11-24 16:40:16,252 DEBUG towersdistributor Performing Region optimization
2019-11-24 16:40:16,591 DEBUG towersdistributor UBC optimization done
2019-11-24 16:40:16,592 DEBUG towersdistributor Saving UBC dict to JSON
2019-11-24 16:40:17,466 DEBUG towersdistributor UBC dictionary saved to JSON
2019-11-24 16:40:17,466 DEBUG towersdistributor Creating Visuals
2019-11-24 16:40:26,378 DEBUG towersdistributor Visuals created
2019-11-24 16:40:26,378 DEBUG towersdistributor Calling default browser to open map
2019-11-24 16:40:26,482 DEBUG towersdistributor Evaluating model
2019-11-24 16:40:40,079 DEBUG towersdistributor Model evaluated
