2019-12-07 11:53:19,002 DEBUG cellsites Distributing cellsites
2019-12-07 11:53:19,003 DEBUG cellsites Performing gradient descent
2019-12-07 11:53:19,847 DEBUG cellsites Optimal K = 17
2019-12-07 11:53:19,848 DEBUG cellsites Performing gradient descent
2019-12-07 11:53:21,168 DEBUG cellsites Optimal K = 22
2019-12-07 11:53:21,169 DEBUG cellsites Performing gradient descent
2019-12-07 11:53:24,046 DEBUG cellsites Optimal K = 34
2019-12-07 11:53:24,047 DEBUG cellsites Performing gradient descent
2019-12-07 11:53:24,832 DEBUG cellsites Optimal K = 16
2019-12-07 11:53:24,832 DEBUG cellsites Performing gradient descent
2019-12-07 11:53:27,248 DEBUG cellsites Optimal K = 30
2019-12-07 11:53:27,249 DEBUG cellsites Cellsite distribution done
2019-12-08 11:09:12,666 DEBUG cellsites Distributing cellsites
2019-12-08 11:09:12,668 DEBUG cellsites Performing gradient descent
2019-12-08 11:09:13,494 DEBUG cellsites Optimal K = 17
2019-12-08 11:09:13,495 DEBUG cellsites Performing gradient descent
2019-12-08 11:09:14,923 DEBUG cellsites Optimal K = 22
2019-12-08 11:09:14,924 DEBUG cellsites Performing gradient descent
2019-12-08 11:09:17,978 DEBUG cellsites Optimal K = 34
2019-12-08 11:09:17,978 DEBUG cellsites Performing gradient descent
2019-12-08 11:09:18,721 DEBUG cellsites Optimal K = 16
2019-12-08 11:09:18,721 DEBUG cellsites Performing gradient descent
2019-12-08 11:09:21,219 DEBUG cellsites Optimal K = 30
2019-12-08 11:09:21,219 DEBUG cellsites Cellsite distribution done
2019-12-08 11:13:28,652 DEBUG cellsites Distributing cellsites
2019-12-08 11:13:28,653 DEBUG cellsites Performing gradient descent
2019-12-08 11:13:29,449 DEBUG cellsites Optimal K = 17
2019-12-08 11:13:29,449 DEBUG cellsites Performing gradient descent
2019-12-08 11:13:30,982 DEBUG cellsites Optimal K = 23
2019-12-08 11:13:30,982 DEBUG cellsites Performing gradient descent
2019-12-08 11:13:34,128 DEBUG cellsites Optimal K = 35
2019-12-08 11:13:34,128 DEBUG cellsites Performing gradient descent
2019-12-08 11:13:34,830 DEBUG cellsites Optimal K = 16
2019-12-08 11:13:34,831 DEBUG cellsites Performing gradient descent
2019-12-08 11:13:37,369 DEBUG cellsites Optimal K = 31
2019-12-08 11:13:37,369 DEBUG cellsites Cellsite distribution done
2020-01-27 08:52:32,104 DEBUG cellsites Distributing cellsites
2020-01-27 08:52:32,105 DEBUG cellsites Performing gradient descent
2020-01-27 08:52:32,832 DEBUG cellsites Optimal K = 17
2020-01-27 08:52:32,832 DEBUG cellsites Performing gradient descent
2020-01-27 08:52:34,121 DEBUG cellsites Optimal K = 23
2020-01-27 08:52:34,121 DEBUG cellsites Performing gradient descent
2020-01-27 08:52:36,650 DEBUG cellsites Optimal K = 34
2020-01-27 08:52:36,650 DEBUG cellsites Performing gradient descent
2020-01-27 08:52:37,341 DEBUG cellsites Optimal K = 16
2020-01-27 08:52:37,342 DEBUG cellsites Performing gradient descent
2020-01-27 08:52:39,442 DEBUG cellsites Optimal K = 31
2020-01-27 08:52:39,442 DEBUG cellsites Cellsite distribution done
2020-01-27 08:54:44,015 DEBUG cellsites Distributing cellsites
2020-01-27 08:54:44,015 DEBUG cellsites Performing gradient descent
2020-01-27 08:54:44,726 DEBUG cellsites Optimal K = 17
2020-01-27 08:54:44,726 DEBUG cellsites Performing gradient descent
2020-01-27 08:54:45,905 DEBUG cellsites Optimal K = 22
2020-01-27 08:54:45,905 DEBUG cellsites Performing gradient descent
2020-01-27 08:54:48,685 DEBUG cellsites Optimal K = 35
2020-01-27 08:54:48,685 DEBUG cellsites Performing gradient descent
2020-01-27 08:54:49,374 DEBUG cellsites Optimal K = 16
2020-01-27 08:54:49,374 DEBUG cellsites Performing gradient descent
2020-01-27 08:54:51,423 DEBUG cellsites Optimal K = 30
2020-01-27 08:55:39,037 DEBUG cellsites Distributing cellsites
2020-01-27 08:55:39,037 DEBUG cellsites Performing gradient descent
2020-01-27 08:55:39,732 DEBUG cellsites Optimal K = 17
2020-01-27 08:55:39,732 DEBUG cellsites Performing gradient descent
2020-01-27 08:55:41,007 DEBUG cellsites Optimal K = 23
2020-01-27 08:55:41,008 DEBUG cellsites Performing gradient descent
2020-01-27 08:55:43,745 DEBUG cellsites Optimal K = 34
2020-01-27 08:55:43,745 DEBUG cellsites Performing gradient descent
2020-01-27 08:55:44,494 DEBUG cellsites Optimal K = 17
2020-01-27 08:55:44,495 DEBUG cellsites Performing gradient descent
2020-01-27 08:55:46,746 DEBUG cellsites Optimal K = 31
2020-01-27 08:56:17,711 DEBUG cellsites Distributing cellsites
2020-01-27 08:56:17,711 DEBUG cellsites Performing gradient descent
2020-01-27 08:56:18,548 DEBUG cellsites Optimal K = 17
2020-01-27 08:56:18,548 DEBUG cellsites Performing gradient descent
2020-01-27 08:56:19,788 DEBUG cellsites Optimal K = 23
2020-01-27 08:56:19,788 DEBUG cellsites Performing gradient descent
2020-01-27 08:56:22,543 DEBUG cellsites Optimal K = 35
2020-01-27 08:56:22,544 DEBUG cellsites Performing gradient descent
2020-01-27 08:56:23,233 DEBUG cellsites Optimal K = 16
2020-01-27 08:56:23,233 DEBUG cellsites Performing gradient descent
2020-01-27 08:56:25,283 DEBUG cellsites Optimal K = 30
2020-01-27 08:56:44,298 DEBUG cellsites Distributing cellsites ...
2020-01-27 08:56:44,299 DEBUG cellsites Performing gradient descent ...
2020-01-27 08:56:45,041 DEBUG cellsites Optimal K = 17 ...
2020-01-27 08:56:45,041 DEBUG cellsites Performing gradient descent ...
2020-01-27 08:56:46,360 DEBUG cellsites Optimal K = 23 ...
2020-01-27 08:56:46,361 DEBUG cellsites Performing gradient descent ...
2020-01-27 08:56:57,403 DEBUG cellsites Distributing cellsites...
2020-01-27 08:56:57,403 DEBUG cellsites Performing gradient descent...
2020-01-27 08:56:58,139 DEBUG cellsites Optimal K = 17...
2020-01-27 08:56:58,140 DEBUG cellsites Performing gradient descent...
2020-01-27 08:56:59,327 DEBUG cellsites Optimal K = 22...
2020-01-27 08:56:59,328 DEBUG cellsites Performing gradient descent...
2020-01-27 08:57:02,491 DEBUG cellsites Optimal K = 35...
2020-01-27 08:57:02,492 DEBUG cellsites Performing gradient descent...
2020-01-27 08:57:03,339 DEBUG cellsites Optimal K = 16...
2020-01-27 08:57:03,340 DEBUG cellsites Performing gradient descent...
2020-01-27 08:57:06,153 DEBUG cellsites Optimal K = 31...
2020-01-27 08:58:47,107 DEBUG cellsites Distributing cellsites...
2020-01-27 08:58:47,107 DEBUG cellsites Performing gradient descent...
2020-01-27 08:58:47,843 DEBUG cellsites Optimal K = 17...
2020-01-27 08:58:47,843 DEBUG cellsites Performing gradient descent...
2020-01-27 08:58:48,975 DEBUG cellsites Optimal K = 22...
2020-01-27 08:58:48,975 DEBUG cellsites Performing gradient descent...
2020-01-27 08:58:51,622 DEBUG cellsites Optimal K = 34...
2020-01-27 08:58:51,622 DEBUG cellsites Performing gradient descent...
2020-01-27 08:58:52,289 DEBUG cellsites Optimal K = 16...
2020-01-27 08:58:52,290 DEBUG cellsites Performing gradient descent...
2020-01-27 08:58:54,391 DEBUG cellsites Optimal K = 31...
2020-01-27 09:00:50,823 DEBUG cellsites Distributing cellsites...
2020-01-27 09:00:50,823 DEBUG cellsites Performing gradient descent...
2020-01-27 09:00:51,560 DEBUG cellsites Optimal K = 17...
2020-01-27 09:00:51,560 DEBUG cellsites Performing gradient descent...
2020-01-27 09:00:52,967 DEBUG cellsites Optimal K = 23...
2020-01-27 09:00:52,967 DEBUG cellsites Performing gradient descent...
2020-01-27 09:01:06,439 DEBUG cellsites Distributing cellsites...
2020-01-27 09:01:06,439 DEBUG cellsites Performing gradient descent...
2020-01-27 09:01:07,179 DEBUG cellsites Optimal K = 17...
2020-01-27 09:01:07,180 DEBUG cellsites Performing gradient descent...
2020-01-27 09:01:08,521 DEBUG cellsites Optimal K = 23...
2020-01-27 09:01:08,521 DEBUG cellsites Performing gradient descent...
2020-01-27 09:01:11,116 DEBUG cellsites Optimal K = 34...
2020-01-27 09:01:11,116 DEBUG cellsites Performing gradient descent...
2020-01-27 09:01:11,894 DEBUG cellsites Optimal K = 16...
2020-01-27 09:01:11,895 DEBUG cellsites Performing gradient descent...
2020-01-27 09:01:13,976 DEBUG cellsites Optimal K = 30...
2020-01-27 09:01:42,189 DEBUG cellsites Distributing cellsites...
2020-01-27 09:01:42,190 DEBUG cellsites Performing gradient descent...
2020-01-27 09:01:42,954 DEBUG cellsites Optimal K = 17...
2020-01-27 09:01:42,955 DEBUG cellsites Performing gradient descent...
2020-01-27 09:01:44,229 DEBUG cellsites Optimal K = 23...
2020-01-27 09:01:44,229 DEBUG cellsites Performing gradient descent...
2020-01-27 09:01:46,950 DEBUG cellsites Optimal K = 34...
2020-01-27 09:01:46,951 DEBUG cellsites Performing gradient descent...
2020-01-27 09:01:47,658 DEBUG cellsites Optimal K = 16...
2020-01-27 09:01:47,658 DEBUG cellsites Performing gradient descent...
2020-01-27 09:01:49,653 DEBUG cellsites Optimal K = 30...
2020-01-27 09:02:25,286 DEBUG cellsites Distributing cellsites...
2020-01-27 09:02:25,287 DEBUG cellsites Performing gradient descent...
2020-01-27 09:02:26,082 DEBUG cellsites Optimal K = 17...
2020-01-27 09:02:26,083 DEBUG cellsites Performing gradient descent...
2020-01-27 09:02:27,257 DEBUG cellsites Optimal K = 22...
2020-01-27 09:02:27,258 DEBUG cellsites Performing gradient descent...
2020-01-27 09:02:29,737 DEBUG cellsites Optimal K = 34...
2020-01-27 09:02:29,737 DEBUG cellsites Performing gradient descent...
2020-01-27 09:02:30,404 DEBUG cellsites Optimal K = 16...
2020-01-27 09:02:30,405 DEBUG cellsites Performing gradient descent...
2020-01-27 09:02:32,388 DEBUG cellsites Optimal K = 30...
2020-01-27 09:03:41,600 DEBUG cellsites Distributing cellsites...
2020-01-27 09:03:41,600 DEBUG cellsites Performing gradient descent...
2020-01-27 09:03:42,291 DEBUG cellsites Optimal K = 17...
2020-01-27 09:03:42,291 DEBUG cellsites Performing gradient descent...
2020-01-27 09:03:43,603 DEBUG cellsites Optimal K = 23...
2020-01-27 09:03:43,604 DEBUG cellsites Performing gradient descent...
2020-01-27 09:03:46,521 DEBUG cellsites Optimal K = 34...
2020-01-27 09:03:46,522 DEBUG cellsites Performing gradient descent...
2020-01-27 09:03:47,279 DEBUG cellsites Optimal K = 16...
2020-01-27 09:03:47,280 DEBUG cellsites Performing gradient descent...
2020-01-27 09:03:49,828 DEBUG cellsites Optimal K = 30...
2020-01-27 09:04:46,416 DEBUG cellsites Creating threads......
2020-01-27 09:04:46,416 DEBUG cellsites Distributing cell sites......
2020-01-27 09:04:47,152 DEBUG cellsites Optimal K = 17...
2020-01-27 09:04:47,152 DEBUG cellsites Distributing cell sites......
2020-01-27 09:04:48,310 DEBUG cellsites Optimal K = 22...
2020-01-27 09:04:48,310 DEBUG cellsites Distributing cell sites......
2020-01-27 09:04:50,997 DEBUG cellsites Optimal K = 35...
2020-01-27 09:04:50,998 DEBUG cellsites Distributing cell sites......
2020-01-27 09:04:51,701 DEBUG cellsites Optimal K = 16...
2020-01-27 09:04:51,702 DEBUG cellsites Distributing cell sites......
2020-01-27 09:04:53,942 DEBUG cellsites Optimal K = 31...
2020-01-27 09:05:07,256 DEBUG cellsites Creating threads......
2020-01-27 09:05:07,256 DEBUG cellsites Distributing cell sites...
2020-01-27 09:05:08,154 DEBUG cellsites Optimal K = 17...
2020-01-27 09:05:08,155 DEBUG cellsites Distributing cell sites...
2020-01-27 09:05:09,468 DEBUG cellsites Optimal K = 23...
2020-01-27 09:05:09,469 DEBUG cellsites Distributing cell sites...
2020-01-27 09:05:11,989 DEBUG cellsites Optimal K = 34...
2020-01-27 09:05:11,989 DEBUG cellsites Distributing cell sites...
2020-01-27 09:05:12,641 DEBUG cellsites Optimal K = 16...
2020-01-27 09:05:12,642 DEBUG cellsites Distributing cell sites...
2020-01-27 09:05:14,773 DEBUG cellsites Optimal K = 31...
2020-01-27 09:05:52,627 DEBUG cellsites Creating threads......
2020-01-27 09:05:52,628 DEBUG cellsites Distributing cell sites...
2020-01-27 09:05:53,352 DEBUG cellsites Optimal K = 17...
2020-01-27 09:05:53,352 DEBUG cellsites Distributing cell sites...
2020-01-27 09:05:54,545 DEBUG cellsites Optimal K = 23...
2020-01-27 09:05:54,546 DEBUG cellsites Distributing cell sites...
2020-01-27 09:05:57,129 DEBUG cellsites Optimal K = 35...
2020-01-27 09:05:57,129 DEBUG cellsites Distributing cell sites...
2020-01-27 09:05:57,792 DEBUG cellsites Optimal K = 16...
2020-01-27 09:05:57,792 DEBUG cellsites Distributing cell sites...
2020-01-27 09:05:59,878 DEBUG cellsites Optimal K = 31...
2020-02-27 14:41:46,557 DEBUG cellsites Creating threads......
2020-02-27 14:41:46,558 DEBUG cellsites Distributing cell sites...
2020-02-27 14:41:47,551 DEBUG cellsites Optimal K = 19...
2020-02-27 14:41:47,552 DEBUG cellsites Distributing cell sites...
2020-02-27 14:41:50,029 DEBUG cellsites Optimal K = 33...
2020-02-27 14:41:50,029 DEBUG cellsites Distributing cell sites...
2020-02-27 14:41:51,201 DEBUG cellsites Optimal K = 22...
2020-02-27 14:41:51,201 DEBUG cellsites Distributing cell sites...
2020-02-27 14:41:51,875 DEBUG cellsites Optimal K = 16...
2020-02-27 14:41:51,875 DEBUG cellsites Distributing cell sites...
2020-02-27 14:41:54,087 DEBUG cellsites Optimal K = 30...
2020-02-27 14:50:01,920 DEBUG cellsites Creating threads......
2020-02-27 14:50:01,921 DEBUG cellsites Distributing cell sites...
2020-02-27 14:50:01,938 DEBUG cellsites Optimal K = 2...
2020-02-27 14:50:01,938 DEBUG cellsites Distributing cell sites...
2020-02-27 14:50:01,957 DEBUG cellsites Optimal K = 3...
2020-02-27 14:50:01,957 DEBUG cellsites Distributing cell sites...
2020-02-27 14:50:01,972 DEBUG cellsites Optimal K = 2...
2020-02-27 14:50:01,972 DEBUG cellsites Distributing cell sites...
2020-02-27 14:50:01,991 DEBUG cellsites Optimal K = 3...
2020-02-27 14:50:01,991 DEBUG cellsites Distributing cell sites...
2020-02-27 14:50:02,007 DEBUG cellsites Optimal K = 2...
2020-02-27 14:50:02,007 DEBUG cellsites Distributing cell sites...
2020-02-27 14:50:02,027 DEBUG cellsites Optimal K = 3...
2020-02-27 14:50:02,028 DEBUG cellsites Distributing cell sites...
2020-02-27 14:50:02,046 DEBUG cellsites Optimal K = 3...
2020-02-27 14:50:02,046 DEBUG cellsites Distributing cell sites...
2020-02-27 14:50:02,067 DEBUG cellsites Optimal K = 3...
2020-02-27 14:50:02,067 DEBUG cellsites Distributing cell sites...
2020-02-27 14:50:02,090 DEBUG cellsites Optimal K = 2...
2020-02-27 14:50:02,090 DEBUG cellsites Distributing cell sites...
2020-02-27 14:50:02,110 DEBUG cellsites Optimal K = 3...
2020-02-27 14:50:02,110 DEBUG cellsites Distributing cell sites...
2020-02-27 14:50:02,129 DEBUG cellsites Optimal K = 3...
2020-02-27 14:50:02,130 DEBUG cellsites Distributing cell sites...
2020-02-27 14:50:02,145 DEBUG cellsites Optimal K = 2...
2020-02-27 14:50:02,145 DEBUG cellsites Distributing cell sites...
2020-02-27 14:50:02,162 DEBUG cellsites Optimal K = 3...
2020-02-27 14:50:02,163 DEBUG cellsites Distributing cell sites...
2020-02-27 14:50:02,178 DEBUG cellsites Optimal K = 2...
2020-02-27 14:50:02,178 DEBUG cellsites Distributing cell sites...
2020-02-27 14:50:02,196 DEBUG cellsites Optimal K = 3...
2020-02-27 14:50:02,197 DEBUG cellsites Distributing cell sites...
2020-02-27 14:50:02,214 DEBUG cellsites Optimal K = 2...
2020-02-27 14:50:02,214 DEBUG cellsites Distributing cell sites...
2020-02-27 14:50:02,233 DEBUG cellsites Optimal K = 3...
2020-02-27 14:50:02,233 DEBUG cellsites Distributing cell sites...
2020-02-27 14:50:02,255 DEBUG cellsites Optimal K = 2...
2020-02-27 14:50:02,255 DEBUG cellsites Distributing cell sites...
2020-02-27 14:50:02,271 DEBUG cellsites Optimal K = 2...
2020-02-27 14:50:02,271 DEBUG cellsites Distributing cell sites...
2020-02-27 14:50:02,287 DEBUG cellsites Optimal K = 2...
2020-02-27 14:50:02,287 DEBUG cellsites Distributing cell sites...
2020-02-27 14:50:02,300 DEBUG cellsites Optimal K = 2...
2020-02-27 14:50:02,301 DEBUG cellsites Distributing cell sites...
2020-02-27 14:50:02,318 DEBUG cellsites Optimal K = 3...
2020-02-27 14:50:02,318 DEBUG cellsites Distributing cell sites...
2020-02-27 14:50:02,343 DEBUG cellsites Optimal K = 3...
2020-02-27 14:50:02,343 DEBUG cellsites Distributing cell sites...
2020-02-27 14:50:02,364 DEBUG cellsites Optimal K = 3...
2020-02-27 14:50:02,365 DEBUG cellsites Distributing cell sites...
2020-02-27 14:50:02,384 DEBUG cellsites Optimal K = 3...
2020-02-27 14:50:02,384 DEBUG cellsites Distributing cell sites...
2020-02-27 14:50:02,402 DEBUG cellsites Optimal K = 3...
2020-02-27 14:50:02,402 DEBUG cellsites Distributing cell sites...
2020-02-27 14:50:02,421 DEBUG cellsites Optimal K = 3...
2020-02-27 14:50:02,421 DEBUG cellsites Distributing cell sites...
2020-02-27 14:50:02,435 DEBUG cellsites Optimal K = 2...
2020-02-27 14:50:02,435 DEBUG cellsites Distributing cell sites...
2020-02-27 14:50:02,459 DEBUG cellsites Optimal K = 3...
2020-02-27 14:50:02,459 DEBUG cellsites Distributing cell sites...
2020-02-27 14:50:02,476 DEBUG cellsites Optimal K = 3...
2020-02-27 14:50:02,476 DEBUG cellsites Distributing cell sites...
2020-02-27 14:50:02,503 DEBUG cellsites Optimal K = 3...
2020-02-27 14:50:02,503 DEBUG cellsites Distributing cell sites...
2020-02-27 14:50:02,521 DEBUG cellsites Optimal K = 3...
2020-02-27 14:50:02,521 DEBUG cellsites Distributing cell sites...
2020-02-27 14:50:02,539 DEBUG cellsites Optimal K = 3...
2020-02-27 14:50:02,539 DEBUG cellsites Distributing cell sites...
2020-02-27 14:50:02,558 DEBUG cellsites Optimal K = 3...
2020-02-27 14:50:02,558 DEBUG cellsites Distributing cell sites...
2020-02-27 14:50:02,576 DEBUG cellsites Optimal K = 3...
2020-02-27 14:50:02,577 DEBUG cellsites Distributing cell sites...
2020-02-27 14:50:02,594 DEBUG cellsites Optimal K = 3...
2020-02-27 14:50:02,595 DEBUG cellsites Distributing cell sites...
2020-02-27 14:50:02,613 DEBUG cellsites Optimal K = 3...
2020-02-27 14:50:02,613 DEBUG cellsites Distributing cell sites...
2020-02-27 14:50:02,632 DEBUG cellsites Optimal K = 3...
2020-02-27 14:50:02,632 DEBUG cellsites Distributing cell sites...
2020-02-27 14:50:02,649 DEBUG cellsites Optimal K = 3...
2020-02-27 14:50:02,650 DEBUG cellsites Distributing cell sites...
2020-02-27 14:50:02,669 DEBUG cellsites Optimal K = 3...
2020-02-27 14:50:02,670 DEBUG cellsites Distributing cell sites...
2020-02-27 14:50:02,690 DEBUG cellsites Optimal K = 3...
2020-02-27 14:50:02,690 DEBUG cellsites Distributing cell sites...
2020-02-27 14:50:02,707 DEBUG cellsites Optimal K = 3...
2020-02-27 14:50:02,708 DEBUG cellsites Distributing cell sites...
2020-02-27 14:50:02,723 DEBUG cellsites Optimal K = 3...
2020-02-27 14:50:02,723 DEBUG cellsites Distributing cell sites...
2020-02-27 14:50:02,742 DEBUG cellsites Optimal K = 3...
2020-02-27 14:50:02,742 DEBUG cellsites Distributing cell sites...
2020-02-27 14:50:02,755 DEBUG cellsites Optimal K = 2...
2020-02-27 14:50:02,755 DEBUG cellsites Distributing cell sites...
2020-02-27 14:50:02,768 DEBUG cellsites Optimal K = 2...
2020-02-27 14:50:02,769 DEBUG cellsites Distributing cell sites...
2020-02-27 14:50:02,781 DEBUG cellsites Optimal K = 2...
2020-02-27 14:50:02,782 DEBUG cellsites Distributing cell sites...
2020-02-27 14:50:02,795 DEBUG cellsites Optimal K = 2...
2020-02-27 14:50:02,795 DEBUG cellsites Distributing cell sites...
2020-02-27 14:50:02,807 DEBUG cellsites Optimal K = 2...
2020-02-27 14:50:02,808 DEBUG cellsites Distributing cell sites...
2020-02-27 14:50:02,825 DEBUG cellsites Optimal K = 3...
2020-02-27 14:50:02,825 DEBUG cellsites Distributing cell sites...
2020-02-27 14:50:02,845 DEBUG cellsites Optimal K = 2...
2020-02-27 14:50:02,846 DEBUG cellsites Distributing cell sites...
2020-02-27 14:50:02,865 DEBUG cellsites Optimal K = 3...
2020-02-27 14:50:02,866 DEBUG cellsites Distributing cell sites...
2020-02-27 14:50:02,885 DEBUG cellsites Optimal K = 3...
2020-02-27 14:50:02,885 DEBUG cellsites Distributing cell sites...
2020-02-27 14:50:02,898 DEBUG cellsites Optimal K = 2...
2020-02-27 14:50:02,898 DEBUG cellsites Distributing cell sites...
2020-02-27 14:50:02,916 DEBUG cellsites Optimal K = 3...
2020-02-27 14:50:02,916 DEBUG cellsites Distributing cell sites...
2020-02-27 14:50:02,930 DEBUG cellsites Optimal K = 2...
2020-02-27 14:50:02,931 DEBUG cellsites Distributing cell sites...
2020-02-27 14:50:02,945 DEBUG cellsites Optimal K = 3...
2020-02-27 14:50:02,945 DEBUG cellsites Distributing cell sites...
2020-02-27 14:50:02,963 DEBUG cellsites Optimal K = 3...
2020-02-27 14:50:02,964 DEBUG cellsites Distributing cell sites...
2020-02-27 14:50:02,981 DEBUG cellsites Optimal K = 3...
2020-02-27 14:50:02,981 DEBUG cellsites Distributing cell sites...
2020-02-27 14:50:03,002 DEBUG cellsites Optimal K = 2...
2020-02-27 14:50:03,002 DEBUG cellsites Distributing cell sites...
2020-02-27 14:50:03,022 DEBUG cellsites Optimal K = 3...
2020-02-27 14:50:03,022 DEBUG cellsites Distributing cell sites...
2020-02-27 14:50:03,045 DEBUG cellsites Optimal K = 3...
2020-02-27 14:50:03,046 DEBUG cellsites Distributing cell sites...
2020-02-27 14:50:03,064 DEBUG cellsites Optimal K = 3...
2020-02-27 14:50:03,064 DEBUG cellsites Distributing cell sites...
2020-02-27 14:50:03,077 DEBUG cellsites Optimal K = 2...
2020-02-27 14:50:03,077 DEBUG cellsites Distributing cell sites...
2020-02-27 14:50:03,093 DEBUG cellsites Optimal K = 3...
2020-02-27 14:50:03,094 DEBUG cellsites Distributing cell sites...
2020-02-27 14:50:03,109 DEBUG cellsites Optimal K = 2...
2020-02-27 14:50:03,109 DEBUG cellsites Distributing cell sites...
2020-02-27 14:50:03,122 DEBUG cellsites Optimal K = 2...
2020-02-27 14:50:03,122 DEBUG cellsites Distributing cell sites...
2020-02-27 14:50:03,137 DEBUG cellsites Optimal K = 3...
2020-02-27 14:50:03,138 DEBUG cellsites Distributing cell sites...
2020-02-27 14:50:03,154 DEBUG cellsites Optimal K = 3...
2020-02-27 14:50:03,154 DEBUG cellsites Distributing cell sites...
2020-02-27 14:50:03,172 DEBUG cellsites Optimal K = 3...
2020-02-27 14:50:03,172 DEBUG cellsites Distributing cell sites...
2020-02-27 14:50:03,198 DEBUG cellsites Optimal K = 3...
2020-02-27 14:50:03,198 DEBUG cellsites Distributing cell sites...
2020-02-27 14:50:03,212 DEBUG cellsites Optimal K = 2...
2020-02-27 14:50:03,212 DEBUG cellsites Distributing cell sites...
2020-02-27 14:50:03,226 DEBUG cellsites Optimal K = 2...
2020-02-27 14:50:03,226 DEBUG cellsites Distributing cell sites...
2020-02-27 14:50:03,239 DEBUG cellsites Optimal K = 2...
2020-02-27 14:50:03,239 DEBUG cellsites Distributing cell sites...
2020-02-27 14:50:03,254 DEBUG cellsites Optimal K = 2...
2020-02-27 14:50:03,254 DEBUG cellsites Distributing cell sites...
2020-02-27 14:50:03,266 DEBUG cellsites Optimal K = 2...
2020-02-27 14:50:03,267 DEBUG cellsites Distributing cell sites...
2020-02-27 14:50:03,281 DEBUG cellsites Optimal K = 2...
2020-02-27 14:50:03,281 DEBUG cellsites Distributing cell sites...
2020-02-27 14:50:03,302 DEBUG cellsites Optimal K = 2...
2020-02-27 14:50:03,302 DEBUG cellsites Distributing cell sites...
2020-02-27 14:50:03,321 DEBUG cellsites Optimal K = 2...
2020-02-27 14:50:03,321 DEBUG cellsites Distributing cell sites...
2020-02-27 14:50:03,333 DEBUG cellsites Optimal K = 2...
2020-02-27 14:50:03,334 DEBUG cellsites Distributing cell sites...
2020-02-27 14:50:03,357 DEBUG cellsites Optimal K = 2...
2020-02-27 14:50:03,357 DEBUG cellsites Distributing cell sites...
2020-02-27 14:50:03,376 DEBUG cellsites Optimal K = 3...
2020-02-27 14:50:03,377 DEBUG cellsites Distributing cell sites...
2020-02-27 14:50:03,394 DEBUG cellsites Optimal K = 3...
2020-02-27 14:50:03,394 DEBUG cellsites Distributing cell sites...
2020-02-27 14:50:03,410 DEBUG cellsites Optimal K = 3...
2020-02-27 14:50:03,411 DEBUG cellsites Distributing cell sites...
2020-02-27 14:50:03,425 DEBUG cellsites Optimal K = 2...
2020-02-27 14:50:03,426 DEBUG cellsites Distributing cell sites...
2020-02-27 14:50:03,451 DEBUG cellsites Optimal K = 3...
2020-02-27 14:50:03,451 DEBUG cellsites Distributing cell sites...
2020-02-27 14:50:03,470 DEBUG cellsites Optimal K = 3...
2020-02-27 14:50:03,470 DEBUG cellsites Distributing cell sites...
2020-02-27 14:50:03,484 DEBUG cellsites Optimal K = 2...
2020-02-27 14:50:03,484 DEBUG cellsites Distributing cell sites...
2020-02-27 14:50:03,498 DEBUG cellsites Optimal K = 2...
2020-02-27 14:50:03,499 DEBUG cellsites Distributing cell sites...
2020-02-27 14:50:03,510 DEBUG cellsites Optimal K = 1...
2020-02-27 14:50:03,510 DEBUG cellsites Distributing cell sites...
2020-02-27 14:50:03,523 DEBUG cellsites Optimal K = 2...
2020-02-27 14:50:03,523 DEBUG cellsites Distributing cell sites...
2020-02-27 14:50:03,550 DEBUG cellsites Optimal K = 3...
2020-02-27 14:50:03,551 DEBUG cellsites Distributing cell sites...
2020-02-27 14:50:03,568 DEBUG cellsites Optimal K = 3...
2020-02-27 14:50:03,569 DEBUG cellsites Distributing cell sites...
2020-02-27 14:50:03,596 DEBUG cellsites Optimal K = 3...
2020-02-27 14:50:03,597 DEBUG cellsites Distributing cell sites...
2020-02-27 14:50:03,612 DEBUG cellsites Optimal K = 2...
2020-02-27 14:50:03,612 DEBUG cellsites Distributing cell sites...
2020-02-27 14:50:03,629 DEBUG cellsites Optimal K = 3...
2020-02-27 14:50:03,629 DEBUG cellsites Distributing cell sites...
2020-02-27 14:50:03,646 DEBUG cellsites Optimal K = 3...
2020-02-27 14:50:03,646 DEBUG cellsites Distributing cell sites...
2020-02-27 14:50:03,663 DEBUG cellsites Optimal K = 3...
2020-02-27 14:50:03,663 DEBUG cellsites Distributing cell sites...
2020-02-27 14:50:03,682 DEBUG cellsites Optimal K = 3...
2020-02-27 14:50:03,682 DEBUG cellsites Distributing cell sites...
2020-02-27 14:50:03,701 DEBUG cellsites Optimal K = 2...
2020-02-27 14:50:03,701 DEBUG cellsites Distributing cell sites...
2020-02-27 14:50:03,719 DEBUG cellsites Optimal K = 3...
2020-02-27 14:50:03,720 DEBUG cellsites Distributing cell sites...
2020-02-27 14:50:03,733 DEBUG cellsites Optimal K = 2...
2020-02-27 14:50:03,733 DEBUG cellsites Distributing cell sites...
2020-02-27 14:50:03,750 DEBUG cellsites Optimal K = 2...
2020-02-27 14:50:03,751 DEBUG cellsites Distributing cell sites...
2020-02-27 14:50:03,764 DEBUG cellsites Optimal K = 2...
2020-02-27 14:50:03,764 DEBUG cellsites Distributing cell sites...
2020-02-27 14:50:03,783 DEBUG cellsites Optimal K = 3...
2020-02-27 14:50:03,783 DEBUG cellsites Distributing cell sites...
2020-02-27 14:50:03,800 DEBUG cellsites Optimal K = 3...
2020-02-27 14:50:03,800 DEBUG cellsites Distributing cell sites...
2020-02-27 14:50:03,816 DEBUG cellsites Optimal K = 3...
2020-02-27 14:50:03,817 DEBUG cellsites Distributing cell sites...
2020-02-27 14:50:03,829 DEBUG cellsites Optimal K = 2...
2020-02-27 14:50:03,829 DEBUG cellsites Distributing cell sites...
2020-02-27 14:50:03,846 DEBUG cellsites Optimal K = 3...
2020-02-27 14:50:03,846 DEBUG cellsites Distributing cell sites...
2020-02-27 14:50:03,860 DEBUG cellsites Optimal K = 2...
2020-02-27 14:50:03,860 DEBUG cellsites Distributing cell sites...
2020-02-27 14:50:03,872 DEBUG cellsites Optimal K = 2...
2020-02-27 14:50:03,873 DEBUG cellsites Distributing cell sites...
2020-02-27 14:50:03,885 DEBUG cellsites Optimal K = 2...
2020-02-27 14:50:03,885 DEBUG cellsites Distributing cell sites...
2020-02-27 14:50:03,901 DEBUG cellsites Optimal K = 3...
2020-02-27 14:50:03,902 DEBUG cellsites Distributing cell sites...
2020-02-27 14:50:03,918 DEBUG cellsites Optimal K = 3...
2020-02-27 14:50:03,919 DEBUG cellsites Distributing cell sites...
2020-02-27 14:50:03,932 DEBUG cellsites Optimal K = 2...
2020-02-27 14:50:03,932 DEBUG cellsites Distributing cell sites...
2020-02-27 14:50:03,944 DEBUG cellsites Optimal K = 2...
2020-02-27 14:50:03,945 DEBUG cellsites Distributing cell sites...
2020-02-27 14:50:03,960 DEBUG cellsites Optimal K = 3...
2020-02-27 14:50:03,960 DEBUG cellsites Distributing cell sites...
2020-02-27 14:50:03,974 DEBUG cellsites Optimal K = 2...
2020-02-27 14:50:03,974 DEBUG cellsites Distributing cell sites...
2020-02-27 14:50:03,992 DEBUG cellsites Optimal K = 3...
2020-02-27 14:50:03,992 DEBUG cellsites Distributing cell sites...
2020-02-27 14:50:04,009 DEBUG cellsites Optimal K = 3...
2020-02-27 14:50:04,009 DEBUG cellsites Distributing cell sites...
2020-02-27 14:50:04,027 DEBUG cellsites Optimal K = 3...
2020-02-27 14:50:04,027 DEBUG cellsites Distributing cell sites...
2020-02-27 14:50:04,042 DEBUG cellsites Optimal K = 3...
2020-02-27 14:50:04,042 DEBUG cellsites Distributing cell sites...
2020-02-27 14:50:04,057 DEBUG cellsites Optimal K = 3...
2020-02-27 14:50:04,058 DEBUG cellsites Distributing cell sites...
2020-02-27 14:50:04,074 DEBUG cellsites Optimal K = 3...
2020-02-27 14:50:04,075 DEBUG cellsites Distributing cell sites...
2020-02-27 14:50:04,090 DEBUG cellsites Optimal K = 2...
2020-02-27 14:50:04,090 DEBUG cellsites Distributing cell sites...
2020-02-27 14:50:04,106 DEBUG cellsites Optimal K = 3...
2020-02-27 14:50:04,106 DEBUG cellsites Distributing cell sites...
2020-02-27 14:50:04,123 DEBUG cellsites Optimal K = 3...
2020-02-27 14:50:04,123 DEBUG cellsites Distributing cell sites...
2020-02-27 14:50:04,136 DEBUG cellsites Optimal K = 2...
2020-02-27 14:50:04,137 DEBUG cellsites Distributing cell sites...
2020-02-27 14:50:04,150 DEBUG cellsites Optimal K = 2...
2020-02-27 14:50:04,150 DEBUG cellsites Distributing cell sites...
2020-02-27 14:50:04,162 DEBUG cellsites Optimal K = 2...
2020-02-27 14:50:04,163 DEBUG cellsites Distributing cell sites...
2020-02-27 14:50:04,177 DEBUG cellsites Optimal K = 2...
2020-02-27 14:50:04,177 DEBUG cellsites Distributing cell sites...
2020-02-27 14:50:04,190 DEBUG cellsites Optimal K = 2...
2020-02-27 14:50:04,190 DEBUG cellsites Distributing cell sites...
2020-02-27 14:50:04,208 DEBUG cellsites Optimal K = 3...
2020-02-27 14:50:04,208 DEBUG cellsites Distributing cell sites...
2020-02-27 14:50:04,224 DEBUG cellsites Optimal K = 3...
2020-02-27 14:50:04,225 DEBUG cellsites Distributing cell sites...
2020-02-27 14:50:04,251 DEBUG cellsites Optimal K = 3...
2020-02-27 14:50:04,251 DEBUG cellsites Distributing cell sites...
2020-02-27 14:50:04,265 DEBUG cellsites Optimal K = 2...
2020-02-27 14:50:04,265 DEBUG cellsites Distributing cell sites...
2020-02-27 14:50:04,278 DEBUG cellsites Optimal K = 2...
2020-02-27 14:50:04,279 DEBUG cellsites Distributing cell sites...
2020-02-27 14:50:04,293 DEBUG cellsites Optimal K = 2...
2020-02-27 14:50:04,293 DEBUG cellsites Distributing cell sites...
2020-02-27 14:50:04,310 DEBUG cellsites Optimal K = 3...
2020-02-27 14:50:04,311 DEBUG cellsites Distributing cell sites...
2020-02-27 14:50:04,329 DEBUG cellsites Optimal K = 3...
2020-02-27 14:50:04,329 DEBUG cellsites Distributing cell sites...
2020-02-27 14:50:04,351 DEBUG cellsites Optimal K = 3...
2020-02-27 14:50:04,352 DEBUG cellsites Distributing cell sites...
2020-02-27 14:50:04,367 DEBUG cellsites Optimal K = 2...
2020-02-27 14:50:04,367 DEBUG cellsites Distributing cell sites...
2020-02-27 14:50:04,384 DEBUG cellsites Optimal K = 3...
2020-02-27 14:50:04,384 DEBUG cellsites Distributing cell sites...
2020-02-27 14:50:04,403 DEBUG cellsites Optimal K = 3...
2020-02-27 14:50:04,403 DEBUG cellsites Distributing cell sites...
2020-02-27 14:50:04,420 DEBUG cellsites Optimal K = 3...
2020-02-27 14:50:04,421 DEBUG cellsites Distributing cell sites...
2020-02-27 14:50:04,434 DEBUG cellsites Optimal K = 2...
2020-02-27 14:50:04,434 DEBUG cellsites Distributing cell sites...
2020-02-27 14:50:04,452 DEBUG cellsites Optimal K = 3...
2020-02-27 14:50:04,453 DEBUG cellsites Distributing cell sites...
2020-02-27 14:50:04,471 DEBUG cellsites Optimal K = 3...
2020-02-27 14:50:04,472 DEBUG cellsites Distributing cell sites...
2020-02-27 14:50:04,497 DEBUG cellsites Optimal K = 2...
2020-02-27 14:50:04,497 DEBUG cellsites Distributing cell sites...
2020-02-27 14:50:04,512 DEBUG cellsites Optimal K = 2...
2020-02-27 14:50:04,513 DEBUG cellsites Distributing cell sites...
2020-02-27 14:50:04,532 DEBUG cellsites Optimal K = 3...
2020-02-27 14:50:04,532 DEBUG cellsites Distributing cell sites...
2020-02-27 14:50:04,558 DEBUG cellsites Optimal K = 2...
2020-02-27 14:50:04,558 DEBUG cellsites Distributing cell sites...
2020-02-27 14:50:04,574 DEBUG cellsites Optimal K = 2...
2020-02-27 14:50:04,574 DEBUG cellsites Distributing cell sites...
2020-02-27 14:50:04,588 DEBUG cellsites Optimal K = 2...
2020-02-27 14:50:04,588 DEBUG cellsites Distributing cell sites...
2020-02-27 14:50:04,604 DEBUG cellsites Optimal K = 2...
2020-02-27 14:50:04,604 DEBUG cellsites Distributing cell sites...
2020-02-27 14:50:04,625 DEBUG cellsites Optimal K = 3...
2020-02-27 14:50:04,625 DEBUG cellsites Distributing cell sites...
2020-02-27 14:50:04,642 DEBUG cellsites Optimal K = 2...
2020-02-27 14:50:04,642 DEBUG cellsites Distributing cell sites...
2020-02-27 14:50:04,660 DEBUG cellsites Optimal K = 3...
2020-02-27 14:50:04,661 DEBUG cellsites Distributing cell sites...
2020-02-27 14:50:04,678 DEBUG cellsites Optimal K = 3...
2020-02-27 14:50:04,678 DEBUG cellsites Distributing cell sites...
2020-02-27 14:50:04,693 DEBUG cellsites Optimal K = 2...
2020-02-27 14:50:04,694 DEBUG cellsites Distributing cell sites...
2020-02-27 14:50:04,708 DEBUG cellsites Optimal K = 2...
2020-02-27 14:50:04,709 DEBUG cellsites Distributing cell sites...
2020-02-27 14:50:04,722 DEBUG cellsites Optimal K = 2...
2020-02-27 14:50:04,723 DEBUG cellsites Distributing cell sites...
2020-02-27 14:50:04,737 DEBUG cellsites Optimal K = 2...
2020-02-27 14:50:04,737 DEBUG cellsites Distributing cell sites...
2020-02-27 14:50:04,751 DEBUG cellsites Optimal K = 2...
2020-02-27 14:50:04,751 DEBUG cellsites Distributing cell sites...
2020-02-27 14:50:04,766 DEBUG cellsites Optimal K = 2...
2020-02-27 14:50:04,766 DEBUG cellsites Distributing cell sites...
2020-02-27 14:50:04,778 DEBUG cellsites Optimal K = 2...
2020-02-27 14:50:04,779 DEBUG cellsites Distributing cell sites...
2020-02-27 14:50:04,797 DEBUG cellsites Optimal K = 2...
2020-02-27 14:50:04,798 DEBUG cellsites Distributing cell sites...
2020-02-27 14:50:04,821 DEBUG cellsites Optimal K = 3...
2020-02-27 14:50:04,821 DEBUG cellsites Distributing cell sites...
2020-02-27 14:50:04,843 DEBUG cellsites Optimal K = 2...
2020-02-27 14:50:04,843 DEBUG cellsites Distributing cell sites...
2020-02-27 14:50:04,858 DEBUG cellsites Optimal K = 2...
2020-02-27 14:50:04,858 DEBUG cellsites Distributing cell sites...
2020-02-27 14:50:04,872 DEBUG cellsites Optimal K = 2...
2020-02-27 14:50:04,873 DEBUG cellsites Distributing cell sites...
2020-02-27 14:50:04,890 DEBUG cellsites Optimal K = 3...
2020-02-27 14:50:04,890 DEBUG cellsites Distributing cell sites...
2020-02-27 14:50:04,908 DEBUG cellsites Optimal K = 2...
2020-02-27 14:50:04,908 DEBUG cellsites Distributing cell sites...
2020-02-27 14:50:04,919 DEBUG cellsites Optimal K = 2...
2020-02-27 14:50:04,920 DEBUG cellsites Distributing cell sites...
2020-02-27 14:50:04,932 DEBUG cellsites Optimal K = 2...
2020-02-27 14:50:04,933 DEBUG cellsites Distributing cell sites...
2020-02-27 14:50:04,958 DEBUG cellsites Optimal K = 2...
2020-02-27 14:50:04,958 DEBUG cellsites Distributing cell sites...
2020-02-27 14:50:04,974 DEBUG cellsites Optimal K = 2...
2020-02-27 14:50:04,974 DEBUG cellsites Distributing cell sites...
2020-02-27 14:50:04,989 DEBUG cellsites Optimal K = 2...
2020-02-27 14:50:04,989 DEBUG cellsites Distributing cell sites...
2020-02-27 14:50:05,001 DEBUG cellsites Optimal K = 2...
2020-02-27 14:50:05,001 DEBUG cellsites Distributing cell sites...
2020-02-27 14:50:05,019 DEBUG cellsites Optimal K = 3...
2020-02-27 14:50:05,020 DEBUG cellsites Distributing cell sites...
2020-02-27 14:50:05,033 DEBUG cellsites Optimal K = 2...
2020-02-27 14:50:05,033 DEBUG cellsites Distributing cell sites...
2020-02-27 14:50:05,047 DEBUG cellsites Optimal K = 2...
2020-02-27 14:50:05,048 DEBUG cellsites Distributing cell sites...
2020-02-27 14:50:05,059 DEBUG cellsites Optimal K = 2...
2020-02-27 14:50:05,059 DEBUG cellsites Distributing cell sites...
2020-02-27 14:50:05,071 DEBUG cellsites Optimal K = 2...
2020-02-27 14:50:05,071 DEBUG cellsites Distributing cell sites...
2020-02-27 14:50:05,089 DEBUG cellsites Optimal K = 3...
2020-02-27 14:50:05,089 DEBUG cellsites Distributing cell sites...
2020-02-27 14:50:05,100 DEBUG cellsites Optimal K = 2...
2020-02-27 14:50:05,101 DEBUG cellsites Distributing cell sites...
2020-02-27 14:50:05,113 DEBUG cellsites Optimal K = 2...
2020-02-27 14:50:05,114 DEBUG cellsites Distributing cell sites...
2020-02-27 14:50:05,125 DEBUG cellsites Optimal K = 1...
2020-02-27 14:50:05,125 DEBUG cellsites Distributing cell sites...
2020-02-27 14:50:05,137 DEBUG cellsites Optimal K = 2...
2020-02-27 14:50:05,137 DEBUG cellsites Distributing cell sites...
2020-02-27 14:50:05,149 DEBUG cellsites Optimal K = 2...
2020-02-27 14:50:05,150 DEBUG cellsites Distributing cell sites...
2020-02-27 14:50:05,163 DEBUG cellsites Optimal K = 2...
2020-02-27 14:50:05,164 DEBUG cellsites Distributing cell sites...
2020-02-27 14:50:05,177 DEBUG cellsites Optimal K = 2...
2020-02-27 14:50:05,178 DEBUG cellsites Distributing cell sites...
2020-02-27 14:50:05,192 DEBUG cellsites Optimal K = 2...
2020-02-27 14:50:05,192 DEBUG cellsites Distributing cell sites...
2020-02-27 14:50:05,204 DEBUG cellsites Optimal K = 2...
2020-02-27 14:50:05,204 DEBUG cellsites Distributing cell sites...
2020-02-27 14:50:05,216 DEBUG cellsites Optimal K = 2...
2020-02-27 14:50:05,216 DEBUG cellsites Distributing cell sites...
2020-02-27 14:50:05,228 DEBUG cellsites Optimal K = 2...
2020-02-27 14:50:05,228 DEBUG cellsites Distributing cell sites...
2020-02-27 14:50:05,240 DEBUG cellsites Optimal K = 2...
2020-02-27 14:50:05,240 DEBUG cellsites Distributing cell sites...
2020-02-27 14:50:05,252 DEBUG cellsites Optimal K = 2...
