2019-12-07 11:53:30,560 DEBUG evaluator Users = 1010
2019-12-07 11:53:30,560 DEBUG evaluator Cell Sites = 119
2019-12-07 11:53:30,560 DEBUG evaluator Coverage = 94.05940594059406 %
2019-12-08 11:13:40,969 DEBUG evaluator Users = 1010
2019-12-08 11:13:40,969 DEBUG evaluator Cell Sites = 122
2019-12-08 11:13:40,970 DEBUG evaluator Coverage = 94.75247524752476 %
2019-12-13 08:41:50,163 DEBUG evaluator Users = 1010
2019-12-13 08:41:50,165 DEBUG evaluator Cell Sites = 121
2019-12-13 08:41:50,166 DEBUG evaluator Coverage = 94.95049504950495 %
2019-12-13 08:42:37,101 DEBUG evaluator Users = 1010
2019-12-13 08:42:37,101 DEBUG evaluator Cell Sites = 120
2019-12-13 08:42:37,102 DEBUG evaluator Coverage = 93.86138613861387 %
2020-01-27 08:46:22,841 DEBUG evaluator Users = 1010
2020-01-27 08:46:22,842 DEBUG evaluator Cell Sites = 121
2020-01-27 08:46:22,843 DEBUG evaluator Coverage = 93.96039603960396 %
2020-01-27 08:47:20,425 DEBUG evaluator Users = 1010
2020-01-27 08:47:20,426 DEBUG evaluator Cell Sites = 120
2020-01-27 08:47:20,426 DEBUG evaluator Coverage = 94.25742574257426 %
2020-01-27 08:48:51,509 DEBUG evaluator Users = 1010
2020-01-27 08:48:51,510 DEBUG evaluator Cell Sites = 120
2020-01-27 08:48:51,510 DEBUG evaluator Coverage = 94.05940594059406 %
2020-01-27 08:49:20,311 DEBUG evaluator Users = 1010
2020-01-27 08:49:20,311 DEBUG evaluator Cell Sites = 120
2020-01-27 08:49:20,312 DEBUG evaluator Coverage = 94.05940594059406 %
2020-01-27 08:52:42,007 DEBUG evaluator Users = 1010
2020-01-27 08:52:42,008 DEBUG evaluator Cell Sites = 121
2020-01-27 08:52:42,008 DEBUG evaluator Coverage = 93.86138613861387 %
2020-01-27 08:54:53,865 DEBUG evaluator Users = 1010
2020-01-27 08:54:53,877 DEBUG evaluator Cell Sites = 120
2020-01-27 08:54:53,877 DEBUG evaluator Coverage = 93.56435643564356 %
2020-01-27 08:55:49,473 DEBUG evaluator Users = 1010
2020-01-27 08:55:49,474 DEBUG evaluator Cell Sites = 122
2020-01-27 08:55:49,474 DEBUG evaluator Coverage = 93.86138613861387 %
2020-01-27 08:56:29,310 DEBUG evaluator Users = 1010
2020-01-27 08:56:29,310 DEBUG evaluator Cell Sites = 121
2020-01-27 08:56:29,311 DEBUG evaluator Coverage = 94.45544554455445 %
2020-01-27 08:57:09,208 DEBUG evaluator Users = 1010...
2020-01-27 08:57:09,209 DEBUG evaluator Cell Sites = 121...
2020-01-27 08:57:09,209 DEBUG evaluator Coverage = 93.46534653465346 %...
2020-01-27 08:58:56,925 DEBUG evaluator Users = 1010...
2020-01-27 08:58:56,926 DEBUG evaluator Cell Sites = 120...
2020-01-27 08:58:56,926 DEBUG evaluator Coverage = 93.66336633663366 %...
2020-01-27 09:01:16,370 DEBUG evaluator Users = 1010...
2020-01-27 09:01:16,370 DEBUG evaluator Cell Sites = 120...
2020-01-27 09:01:16,370 DEBUG evaluator Coverage = 93.96039603960396 %...
2020-01-27 09:01:52,227 DEBUG evaluator Users = 1010...
2020-01-27 09:01:52,238 DEBUG evaluator Cell Sites = 120...
2020-01-27 09:01:52,238 DEBUG evaluator Coverage = 93.56435643564356 %...
2020-01-27 09:02:34,833 DEBUG evaluator Users = 1010...
2020-01-27 09:02:34,834 DEBUG evaluator Cell Sites = 119...
2020-01-27 09:02:34,835 DEBUG evaluator Coverage = 94.05940594059406 %...
2020-01-27 09:03:52,543 DEBUG evaluator Users = 1010...
2020-01-27 09:03:52,543 DEBUG evaluator Cell Sites = 120...
2020-01-27 09:03:52,543 DEBUG evaluator Coverage = 93.76237623762377 %...
2020-01-27 09:04:56,997 DEBUG evaluator Users = 1010...
2020-01-27 09:04:56,998 DEBUG evaluator Cell Sites = 121...
2020-01-27 09:04:56,998 DEBUG evaluator Coverage = 94.15841584158416 %...
2020-01-27 09:05:17,549 DEBUG evaluator Users = 1010...
2020-01-27 09:05:17,550 DEBUG evaluator Cell Sites = 121...
2020-01-27 09:05:17,550 DEBUG evaluator Coverage = 94.15841584158416 %...
2020-01-27 09:06:02,354 DEBUG evaluator Users = 1010...
2020-01-27 09:06:02,355 DEBUG evaluator Cell Sites = 122...
2020-01-27 09:06:02,355 DEBUG evaluator Coverage = 93.76237623762377 %...
