2019-12-07 11:53:17,326 DEBUG towersdistributor Towers Distributor Initialized
2019-12-07 11:53:17,327 DEBUG towersdistributor Performing Level 1 clustering
2019-12-07 11:53:17,327 DEBUG regions Clustering settlements
2019-12-07 11:53:17,327 DEBUG regions Building affinity matrix
2019-12-07 11:53:17,467 DEBUG regions Affinity matrix built
2019-12-07 11:53:17,470 DEBUG regions Computing Eigen decompostion
2019-12-07 11:53:18,775 DEBUG regions Eigen decomposition applied
2019-12-07 11:53:18,777 DEBUG regions Optimal K for Region Clustering 5
2019-12-07 11:53:18,997 DEBUG regions Settlement clustering done
2019-12-07 11:53:19,002 DEBUG towersdistributor Level 1 clustering done
2019-12-07 11:53:19,002 DEBUG towersdistributor Performing Level 2 clustering
2019-12-07 11:53:19,002 DEBUG cellsites Distributing cellsites
2019-12-07 11:53:19,003 DEBUG cellsites Performing gradient descent
2019-12-07 11:53:19,847 DEBUG cellsites Optimal K = 17
2019-12-07 11:53:19,848 DEBUG cellsites Performing gradient descent
2019-12-07 11:53:21,168 DEBUG cellsites Optimal K = 22
2019-12-07 11:53:21,169 DEBUG cellsites Performing gradient descent
2019-12-07 11:53:24,046 DEBUG cellsites Optimal K = 34
2019-12-07 11:53:24,047 DEBUG cellsites Performing gradient descent
2019-12-07 11:53:24,832 DEBUG cellsites Optimal K = 16
2019-12-07 11:53:24,832 DEBUG cellsites Performing gradient descent
2019-12-07 11:53:27,248 DEBUG cellsites Optimal K = 30
2019-12-07 11:53:27,249 DEBUG cellsites Cellsite distribution done
2019-12-07 11:53:27,249 DEBUG towersdistributor Level 2 clustering done
2019-12-07 11:53:27,249 DEBUG towersdistributor Formatting to dictionary
2019-12-07 11:53:27,250 DEBUG towersdistributor Regions dictionary formatted
2019-12-07 11:53:27,250 DEBUG towersdistributor Performing Region optimization
2019-12-07 11:53:27,251 DEBUG optimizer Removing micro clusters
2019-12-07 11:53:27,251 DEBUG optimizer Applying custom optimization
2019-12-07 11:53:27,253 DEBUG optimizer Micro clusters removed
2019-12-07 11:53:27,254 DEBUG towersdistributor UBC optimization done
2019-12-07 11:53:27,254 DEBUG towersdistributor Saving UBC dict to JSON
2019-12-07 11:53:27,397 DEBUG towersdistributor UBC dictionary saved to JSON
2019-12-07 11:53:27,397 DEBUG towersdistributor Creating Visuals
2019-12-07 11:53:27,397 DEBUG visualizer Making map with UBC distribution
2019-12-07 11:53:27,401 DEBUG visualizer Scattering UBC over map
2019-12-07 11:53:30,455 DEBUG visualizer Map created with UBC scattered
2019-12-07 11:53:30,456 DEBUG towersdistributor Visuals created
2019-12-07 11:53:30,456 DEBUG towersdistributor Calling default browser to open map
2019-12-07 11:53:30,537 DEBUG towersdistributor Evaluating model
2019-12-07 11:53:30,560 DEBUG evaluator Users = 1010
2019-12-07 11:53:30,560 DEBUG evaluator Cell Sites = 119
2019-12-07 11:53:30,560 DEBUG evaluator Coverage = 94.05940594059406 %
2019-12-07 11:53:30,610 DEBUG towersdistributor Model evaluated
