2019-12-07 11:53:27,251 DEBUG optimizer Removing micro clusters
2019-12-07 11:53:27,251 DEBUG optimizer Applying custom optimization
2019-12-07 11:53:27,253 DEBUG optimizer Micro clusters removed
2019-12-08 11:13:37,370 DEBUG optimizer Removing micro clusters
2019-12-08 11:13:37,372 DEBUG optimizer Applying custom optimization
2019-12-08 11:13:37,376 DEBUG optimizer Micro clusters removed
2019-12-13 08:40:17,390 DEBUG optimizer Removing micro clusters
2019-12-13 08:40:17,392 DEBUG optimizer Applying custom optimization
2019-12-13 08:41:48,309 DEBUG optimizer Removing micro clusters
2019-12-13 08:41:48,309 DEBUG optimizer Applying custom optimization
2019-12-13 08:41:48,312 DEBUG optimizer Micro clusters removed
2019-12-13 08:42:35,253 DEBUG optimizer Removing micro clusters
2019-12-13 08:42:35,253 DEBUG optimizer Applying custom optimization
2019-12-13 08:42:35,255 DEBUG optimizer Micro clusters removed
2019-12-13 08:44:13,878 DEBUG optimizer Removing micro clusters
2019-12-13 08:44:13,878 DEBUG optimizer Applying custom optimization
2019-12-13 08:44:13,881 DEBUG optimizer Micro clusters removed
2019-12-13 08:45:06,274 DEBUG optimizer Removing micro clusters
2019-12-13 08:45:06,274 DEBUG optimizer Applying custom optimization
2019-12-13 08:45:06,277 DEBUG optimizer Micro clusters removed
2020-01-27 08:46:20,055 DEBUG optimizer Removing micro clusters
2020-01-27 08:46:20,056 DEBUG optimizer Applying custom optimization
2020-01-27 08:46:20,062 DEBUG optimizer Micro clusters removed
2020-01-27 08:47:18,013 DEBUG optimizer Removing micro clusters
2020-01-27 08:47:18,013 DEBUG optimizer Applying custom optimization
2020-01-27 08:47:18,016 DEBUG optimizer Micro clusters removed
2020-01-27 08:48:48,889 DEBUG optimizer Removing micro clusters
2020-01-27 08:48:48,890 DEBUG optimizer Applying custom optimization
2020-01-27 08:48:48,892 DEBUG optimizer Micro clusters removed
2020-01-27 08:49:17,621 DEBUG optimizer Removing micro clusters
2020-01-27 08:49:17,621 DEBUG optimizer Applying custom optimization
2020-01-27 08:49:17,623 DEBUG optimizer Micro clusters removed
2020-01-27 08:52:39,443 DEBUG optimizer Removing micro clusters
2020-01-27 08:52:39,443 DEBUG optimizer Applying custom optimization
2020-01-27 08:52:39,446 DEBUG optimizer Micro clusters removed
2020-01-27 08:54:51,424 DEBUG optimizer Removing micro clusters
2020-01-27 08:54:51,424 DEBUG optimizer Applying custom optimization
2020-01-27 08:54:51,427 DEBUG optimizer Micro clusters removed
2020-01-27 08:55:46,747 DEBUG optimizer Removing micro clusters
2020-01-27 08:55:46,747 DEBUG optimizer Applying custom optimization
2020-01-27 08:55:46,750 DEBUG optimizer Micro clusters removed
2020-01-27 08:56:25,284 DEBUG optimizer Removing micro clusters
2020-01-27 08:56:25,285 DEBUG optimizer Applying custom optimization
2020-01-27 08:56:25,288 DEBUG optimizer Micro clusters removed
2020-01-27 08:57:06,155 DEBUG optimizer Removing micro clusters...
2020-01-27 08:57:06,155 DEBUG optimizer Applying custom optimization...
2020-01-27 08:57:06,158 DEBUG optimizer Micro clusters removed...
2020-01-27 08:58:54,392 DEBUG optimizer Removing micro clusters...
2020-01-27 08:58:54,392 DEBUG optimizer Applying custom optimization...
2020-01-27 08:58:54,395 DEBUG optimizer Micro clusters removed...
2020-01-27 09:01:13,978 DEBUG optimizer Removing micro clusters...
2020-01-27 09:01:13,978 DEBUG optimizer Applying custom optimization...
2020-01-27 09:01:13,980 DEBUG optimizer Micro clusters removed...
2020-01-27 09:01:49,655 DEBUG optimizer Removing micro clusters...
2020-01-27 09:01:49,655 DEBUG optimizer Applying custom optimization...
2020-01-27 09:01:49,657 DEBUG optimizer Micro clusters removed...
2020-01-27 09:02:32,390 DEBUG optimizer Removing micro clusters...
2020-01-27 09:02:32,390 DEBUG optimizer Applying custom optimization...
2020-01-27 09:02:32,392 DEBUG optimizer Micro clusters removed...
2020-01-27 09:03:49,830 DEBUG optimizer Removing micro clusters...
2020-01-27 09:03:49,830 DEBUG optimizer Applying custom optimization...
2020-01-27 09:03:49,833 DEBUG optimizer Micro clusters removed...
2020-01-27 09:04:53,943 DEBUG optimizer Removing micro clusters...
2020-01-27 09:04:53,943 DEBUG optimizer Applying custom optimization...
2020-01-27 09:04:53,946 DEBUG optimizer Micro clusters removed...
2020-01-27 09:05:14,775 DEBUG optimizer Removing micro clusters...
2020-01-27 09:05:14,775 DEBUG optimizer Applying custom optimization...
2020-01-27 09:05:14,777 DEBUG optimizer Micro clusters removed...
2020-01-27 09:05:59,879 DEBUG optimizer Removing micro clusters...
2020-01-27 09:05:59,880 DEBUG optimizer Applying custom optimization...
2020-01-27 09:05:59,882 DEBUG optimizer Micro clusters removed...
2020-02-27 14:41:54,088 DEBUG optimizer Removing micro clusters...
2020-02-27 14:41:54,088 DEBUG optimizer Applying custom optimization...
2020-02-27 14:41:54,091 DEBUG optimizer Micro clusters removed...
2020-02-27 14:50:05,267 DEBUG optimizer Removing micro clusters...
2020-02-27 14:50:05,268 DEBUG optimizer Applying custom optimization...
2020-02-27 14:50:05,270 DEBUG optimizer Custom optimization applied...
2020-02-27 14:50:05,270 DEBUG optimizer Applying custom optimization...
2020-02-27 14:50:05,271 DEBUG optimizer Custom optimization applied...
2020-02-27 14:50:05,271 DEBUG optimizer Applying custom optimization...
2020-02-27 14:50:05,273 DEBUG optimizer Custom optimization applied...
2020-02-27 14:50:05,273 DEBUG optimizer Applying custom optimization...
2020-02-27 14:50:05,276 DEBUG optimizer Custom optimization applied...
2020-02-27 14:50:05,276 DEBUG optimizer Applying custom optimization...
2020-02-27 14:50:05,279 DEBUG optimizer Custom optimization applied...
2020-02-27 14:50:05,279 DEBUG optimizer Applying custom optimization...
2020-02-27 14:50:05,282 DEBUG optimizer Custom optimization applied...
2020-02-27 14:50:05,282 DEBUG optimizer Applying custom optimization...
2020-02-27 14:50:05,285 DEBUG optimizer Custom optimization applied...
2020-02-27 14:50:05,285 DEBUG optimizer Applying custom optimization...
2020-02-27 14:50:05,287 DEBUG optimizer Custom optimization applied...
2020-02-27 14:50:05,287 DEBUG optimizer Applying custom optimization...
2020-02-27 14:50:05,289 DEBUG optimizer Custom optimization applied...
2020-02-27 14:50:05,289 DEBUG optimizer Applying custom optimization...
2020-02-27 14:50:05,291 DEBUG optimizer Custom optimization applied...
2020-02-27 14:50:05,291 DEBUG optimizer Applying custom optimization...
2020-02-27 14:50:05,293 DEBUG optimizer Custom optimization applied...
2020-02-27 14:50:05,293 DEBUG optimizer Applying custom optimization...
2020-02-27 14:50:05,295 DEBUG optimizer Custom optimization applied...
2020-02-27 14:50:05,295 DEBUG optimizer Applying custom optimization...
2020-02-27 14:50:05,297 DEBUG optimizer Custom optimization applied...
2020-02-27 14:50:05,297 DEBUG optimizer Applying custom optimization...
2020-02-27 14:50:05,299 DEBUG optimizer Custom optimization applied...
2020-02-27 14:50:05,299 DEBUG optimizer Applying custom optimization...
2020-02-27 14:50:05,300 DEBUG optimizer Custom optimization applied...
2020-02-27 14:50:05,300 DEBUG optimizer Applying custom optimization...
2020-02-27 14:50:05,302 DEBUG optimizer Custom optimization applied...
2020-02-27 14:50:05,302 DEBUG optimizer Applying custom optimization...
2020-02-27 14:50:05,304 DEBUG optimizer Custom optimization applied...
2020-02-27 14:50:05,304 DEBUG optimizer Applying custom optimization...
2020-02-27 14:50:05,305 DEBUG optimizer Custom optimization applied...
2020-02-27 14:50:05,305 DEBUG optimizer Applying custom optimization...
2020-02-27 14:50:05,307 DEBUG optimizer Custom optimization applied...
2020-02-27 14:50:05,307 DEBUG optimizer Applying custom optimization...
2020-02-27 14:50:05,309 DEBUG optimizer Custom optimization applied...
2020-02-27 14:50:05,309 DEBUG optimizer Applying custom optimization...
2020-02-27 14:50:05,310 DEBUG optimizer Custom optimization applied...
2020-02-27 14:50:05,310 DEBUG optimizer Applying custom optimization...
2020-02-27 14:50:05,312 DEBUG optimizer Custom optimization applied...
2020-02-27 14:50:05,312 DEBUG optimizer Applying custom optimization...
2020-02-27 14:50:05,313 DEBUG optimizer Custom optimization applied...
2020-02-27 14:50:05,313 DEBUG optimizer Applying custom optimization...
2020-02-27 14:50:05,315 DEBUG optimizer Custom optimization applied...
2020-02-27 14:50:05,315 DEBUG optimizer Applying custom optimization...
2020-02-27 14:50:05,316 DEBUG optimizer Custom optimization applied...
2020-02-27 14:50:05,316 DEBUG optimizer Applying custom optimization...
2020-02-27 14:50:05,318 DEBUG optimizer Custom optimization applied...
2020-02-27 14:50:05,318 DEBUG optimizer Applying custom optimization...
2020-02-27 14:50:05,320 DEBUG optimizer Custom optimization applied...
2020-02-27 14:50:05,320 DEBUG optimizer Applying custom optimization...
2020-02-27 14:50:05,321 DEBUG optimizer Custom optimization applied...
2020-02-27 14:50:05,321 DEBUG optimizer Applying custom optimization...
2020-02-27 14:50:05,322 DEBUG optimizer Custom optimization applied...
2020-02-27 14:50:05,323 DEBUG optimizer Applying custom optimization...
2020-02-27 14:50:05,324 DEBUG optimizer Custom optimization applied...
2020-02-27 14:50:05,324 DEBUG optimizer Applying custom optimization...
2020-02-27 14:50:05,325 DEBUG optimizer Custom optimization applied...
2020-02-27 14:50:05,325 DEBUG optimizer Applying custom optimization...
2020-02-27 14:50:05,327 DEBUG optimizer Custom optimization applied...
2020-02-27 14:50:05,327 DEBUG optimizer Applying custom optimization...
2020-02-27 14:50:05,328 DEBUG optimizer Custom optimization applied...
2020-02-27 14:50:05,328 DEBUG optimizer Applying custom optimization...
2020-02-27 14:50:05,329 DEBUG optimizer Custom optimization applied...
2020-02-27 14:50:05,329 DEBUG optimizer Applying custom optimization...
2020-02-27 14:50:05,331 DEBUG optimizer Custom optimization applied...
2020-02-27 14:50:05,331 DEBUG optimizer Applying custom optimization...
2020-02-27 14:50:05,332 DEBUG optimizer Custom optimization applied...
2020-02-27 14:50:05,332 DEBUG optimizer Applying custom optimization...
2020-02-27 14:50:05,333 DEBUG optimizer Custom optimization applied...
2020-02-27 14:50:05,333 DEBUG optimizer Applying custom optimization...
2020-02-27 14:50:05,335 DEBUG optimizer Custom optimization applied...
2020-02-27 14:50:05,335 DEBUG optimizer Applying custom optimization...
2020-02-27 14:50:05,336 DEBUG optimizer Custom optimization applied...
2020-02-27 14:50:05,336 DEBUG optimizer Applying custom optimization...
2020-02-27 14:50:05,337 DEBUG optimizer Custom optimization applied...
2020-02-27 14:50:05,337 DEBUG optimizer Applying custom optimization...
2020-02-27 14:50:05,338 DEBUG optimizer Custom optimization applied...
2020-02-27 14:50:05,339 DEBUG optimizer Applying custom optimization...
2020-02-27 14:50:05,340 DEBUG optimizer Custom optimization applied...
2020-02-27 14:50:05,340 DEBUG optimizer Applying custom optimization...
2020-02-27 14:50:05,341 DEBUG optimizer Custom optimization applied...
2020-02-27 14:50:05,341 DEBUG optimizer Applying custom optimization...
2020-02-27 14:50:05,342 DEBUG optimizer Custom optimization applied...
2020-02-27 14:50:05,342 DEBUG optimizer Applying custom optimization...
2020-02-27 14:50:05,344 DEBUG optimizer Custom optimization applied...
2020-02-27 14:50:05,344 DEBUG optimizer Applying custom optimization...
2020-02-27 14:50:05,345 DEBUG optimizer Custom optimization applied...
2020-02-27 14:50:05,345 DEBUG optimizer Applying custom optimization...
2020-02-27 14:50:05,346 DEBUG optimizer Custom optimization applied...
2020-02-27 14:50:05,346 DEBUG optimizer Applying custom optimization...
2020-02-27 14:50:05,348 DEBUG optimizer Custom optimization applied...
2020-02-27 14:50:05,348 DEBUG optimizer Applying custom optimization...
2020-02-27 14:50:05,349 DEBUG optimizer Custom optimization applied...
2020-02-27 14:50:05,349 DEBUG optimizer Applying custom optimization...
2020-02-27 14:50:05,350 DEBUG optimizer Custom optimization applied...
2020-02-27 14:50:05,350 DEBUG optimizer Applying custom optimization...
2020-02-27 14:50:05,351 DEBUG optimizer Custom optimization applied...
2020-02-27 14:50:05,351 DEBUG optimizer Applying custom optimization...
2020-02-27 14:50:05,353 DEBUG optimizer Custom optimization applied...
2020-02-27 14:50:05,353 DEBUG optimizer Applying custom optimization...
2020-02-27 14:50:05,354 DEBUG optimizer Custom optimization applied...
2020-02-27 14:50:05,354 DEBUG optimizer Applying custom optimization...
2020-02-27 14:50:05,355 DEBUG optimizer Custom optimization applied...
2020-02-27 14:50:05,355 DEBUG optimizer Applying custom optimization...
2020-02-27 14:50:05,356 DEBUG optimizer Custom optimization applied...
2020-02-27 14:50:05,357 DEBUG optimizer Applying custom optimization...
2020-02-27 14:50:05,358 DEBUG optimizer Custom optimization applied...
2020-02-27 14:50:05,358 DEBUG optimizer Applying custom optimization...
2020-02-27 14:50:05,359 DEBUG optimizer Custom optimization applied...
2020-02-27 14:50:05,359 DEBUG optimizer Applying custom optimization...
2020-02-27 14:50:05,360 DEBUG optimizer Custom optimization applied...
2020-02-27 14:50:05,360 DEBUG optimizer Applying custom optimization...
2020-02-27 14:50:05,361 DEBUG optimizer Custom optimization applied...
2020-02-27 14:50:05,361 DEBUG optimizer Applying custom optimization...
2020-02-27 14:50:05,362 DEBUG optimizer Custom optimization applied...
2020-02-27 14:50:05,362 DEBUG optimizer Applying custom optimization...
2020-02-27 14:50:05,364 DEBUG optimizer Custom optimization applied...
2020-02-27 14:50:05,364 DEBUG optimizer Applying custom optimization...
2020-02-27 14:50:05,365 DEBUG optimizer Custom optimization applied...
2020-02-27 14:50:05,365 DEBUG optimizer Applying custom optimization...
2020-02-27 14:50:05,366 DEBUG optimizer Custom optimization applied...
2020-02-27 14:50:05,366 DEBUG optimizer Applying custom optimization...
2020-02-27 14:50:05,367 DEBUG optimizer Custom optimization applied...
2020-02-27 14:50:05,368 DEBUG optimizer Applying custom optimization...
2020-02-27 14:50:05,369 DEBUG optimizer Custom optimization applied...
2020-02-27 14:50:05,369 DEBUG optimizer Applying custom optimization...
2020-02-27 14:50:05,370 DEBUG optimizer Custom optimization applied...
2020-02-27 14:50:05,370 DEBUG optimizer Applying custom optimization...
2020-02-27 14:50:05,371 DEBUG optimizer Custom optimization applied...
2020-02-27 14:50:05,371 DEBUG optimizer Applying custom optimization...
2020-02-27 14:50:05,373 DEBUG optimizer Custom optimization applied...
2020-02-27 14:50:05,373 DEBUG optimizer Applying custom optimization...
2020-02-27 14:50:05,374 DEBUG optimizer Custom optimization applied...
2020-02-27 14:50:05,374 DEBUG optimizer Applying custom optimization...
2020-02-27 14:50:05,376 DEBUG optimizer Custom optimization applied...
2020-02-27 14:50:05,376 DEBUG optimizer Applying custom optimization...
2020-02-27 14:50:05,377 DEBUG optimizer Custom optimization applied...
2020-02-27 14:50:05,377 DEBUG optimizer Applying custom optimization...
2020-02-27 14:50:05,378 DEBUG optimizer Custom optimization applied...
2020-02-27 14:50:05,378 DEBUG optimizer Applying custom optimization...
2020-02-27 14:50:05,379 DEBUG optimizer Custom optimization applied...
2020-02-27 14:50:05,379 DEBUG optimizer Applying custom optimization...
2020-02-27 14:50:05,380 DEBUG optimizer Custom optimization applied...
2020-02-27 14:50:05,380 DEBUG optimizer Applying custom optimization...
2020-02-27 14:50:05,382 DEBUG optimizer Custom optimization applied...
2020-02-27 14:50:05,382 DEBUG optimizer Applying custom optimization...
2020-02-27 14:50:05,383 DEBUG optimizer Custom optimization applied...
2020-02-27 14:50:05,383 DEBUG optimizer Applying custom optimization...
2020-02-27 14:50:05,384 DEBUG optimizer Custom optimization applied...
2020-02-27 14:50:05,384 DEBUG optimizer Applying custom optimization...
2020-02-27 14:50:05,385 DEBUG optimizer Custom optimization applied...
2020-02-27 14:50:05,385 DEBUG optimizer Applying custom optimization...
2020-02-27 14:50:05,386 DEBUG optimizer Custom optimization applied...
2020-02-27 14:50:05,386 DEBUG optimizer Applying custom optimization...
2020-02-27 14:50:05,387 DEBUG optimizer Custom optimization applied...
2020-02-27 14:50:05,387 DEBUG optimizer Applying custom optimization...
2020-02-27 14:50:05,388 DEBUG optimizer Custom optimization applied...
2020-02-27 14:50:05,388 DEBUG optimizer Applying custom optimization...
2020-02-27 14:50:05,389 DEBUG optimizer Custom optimization applied...
2020-02-27 14:50:05,390 DEBUG optimizer Applying custom optimization...
2020-02-27 14:50:05,391 DEBUG optimizer Custom optimization applied...
2020-02-27 14:50:05,391 DEBUG optimizer Applying custom optimization...
2020-02-27 14:50:05,392 DEBUG optimizer Custom optimization applied...
2020-02-27 14:50:05,392 DEBUG optimizer Applying custom optimization...
2020-02-27 14:50:05,393 DEBUG optimizer Custom optimization applied...
2020-02-27 14:50:05,393 DEBUG optimizer Applying custom optimization...
2020-02-27 14:50:05,394 DEBUG optimizer Custom optimization applied...
2020-02-27 14:50:05,394 DEBUG optimizer Applying custom optimization...
2020-02-27 14:50:05,395 DEBUG optimizer Custom optimization applied...
2020-02-27 14:50:05,395 DEBUG optimizer Applying custom optimization...
2020-02-27 14:50:05,396 DEBUG optimizer Custom optimization applied...
2020-02-27 14:50:05,396 DEBUG optimizer Applying custom optimization...
2020-02-27 14:50:05,397 DEBUG optimizer Custom optimization applied...
2020-02-27 14:50:05,397 DEBUG optimizer Applying custom optimization...
2020-02-27 14:50:05,398 DEBUG optimizer Custom optimization applied...
2020-02-27 14:50:05,398 DEBUG optimizer Applying custom optimization...
2020-02-27 14:50:05,399 DEBUG optimizer Custom optimization applied...
2020-02-27 14:50:05,399 DEBUG optimizer Applying custom optimization...
2020-02-27 14:50:05,400 DEBUG optimizer Custom optimization applied...
2020-02-27 14:50:05,400 DEBUG optimizer Applying custom optimization...
2020-02-27 14:50:05,401 DEBUG optimizer Custom optimization applied...
2020-02-27 14:50:05,401 DEBUG optimizer Applying custom optimization...
2020-02-27 14:50:05,402 DEBUG optimizer Custom optimization applied...
2020-02-27 14:50:05,402 DEBUG optimizer Applying custom optimization...
2020-02-27 14:50:05,403 DEBUG optimizer Custom optimization applied...
2020-02-27 14:50:05,403 DEBUG optimizer Applying custom optimization...
2020-02-27 14:50:05,404 DEBUG optimizer Custom optimization applied...
2020-02-27 14:50:05,404 DEBUG optimizer Applying custom optimization...
2020-02-27 14:50:05,405 DEBUG optimizer Custom optimization applied...
2020-02-27 14:50:05,405 DEBUG optimizer Applying custom optimization...
2020-02-27 14:50:05,406 DEBUG optimizer Custom optimization applied...
2020-02-27 14:50:05,406 DEBUG optimizer Applying custom optimization...
2020-02-27 14:50:05,407 DEBUG optimizer Custom optimization applied...
2020-02-27 14:50:05,407 DEBUG optimizer Applying custom optimization...
2020-02-27 14:50:05,408 DEBUG optimizer Custom optimization applied...
2020-02-27 14:50:05,408 DEBUG optimizer Applying custom optimization...
2020-02-27 14:50:05,409 DEBUG optimizer Custom optimization applied...
2020-02-27 14:50:05,409 DEBUG optimizer Applying custom optimization...
2020-02-27 14:50:05,410 DEBUG optimizer Custom optimization applied...
2020-02-27 14:50:05,410 DEBUG optimizer Applying custom optimization...
2020-02-27 14:50:05,411 DEBUG optimizer Custom optimization applied...
2020-02-27 14:50:05,411 DEBUG optimizer Applying custom optimization...
2020-02-27 14:50:05,412 DEBUG optimizer Custom optimization applied...
2020-02-27 14:50:05,412 DEBUG optimizer Applying custom optimization...
2020-02-27 14:50:05,413 DEBUG optimizer Custom optimization applied...
2020-02-27 14:50:05,413 DEBUG optimizer Applying custom optimization...
2020-02-27 14:50:05,414 DEBUG optimizer Custom optimization applied...
2020-02-27 14:50:05,414 DEBUG optimizer Applying custom optimization...
2020-02-27 14:50:05,415 DEBUG optimizer Custom optimization applied...
2020-02-27 14:50:05,415 DEBUG optimizer Applying custom optimization...
2020-02-27 14:50:05,416 DEBUG optimizer Custom optimization applied...
2020-02-27 14:50:05,416 DEBUG optimizer Applying custom optimization...
2020-02-27 14:50:05,417 DEBUG optimizer Custom optimization applied...
2020-02-27 14:50:05,417 DEBUG optimizer Applying custom optimization...
2020-02-27 14:50:05,417 DEBUG optimizer Custom optimization applied...
2020-02-27 14:50:05,418 DEBUG optimizer Applying custom optimization...
2020-02-27 14:50:05,419 DEBUG optimizer Custom optimization applied...
2020-02-27 14:50:05,419 DEBUG optimizer Applying custom optimization...
2020-02-27 14:50:05,420 DEBUG optimizer Custom optimization applied...
2020-02-27 14:50:05,420 DEBUG optimizer Applying custom optimization...
2020-02-27 14:50:05,420 DEBUG optimizer Custom optimization applied...
2020-02-27 14:50:05,421 DEBUG optimizer Applying custom optimization...
2020-02-27 14:50:05,421 DEBUG optimizer Custom optimization applied...
2020-02-27 14:50:05,421 DEBUG optimizer Applying custom optimization...
2020-02-27 14:50:05,422 DEBUG optimizer Custom optimization applied...
2020-02-27 14:50:05,422 DEBUG optimizer Applying custom optimization...
2020-02-27 14:50:05,423 DEBUG optimizer Custom optimization applied...
2020-02-27 14:50:05,423 DEBUG optimizer Applying custom optimization...
2020-02-27 14:50:05,424 DEBUG optimizer Custom optimization applied...
2020-02-27 14:50:05,424 DEBUG optimizer Applying custom optimization...
2020-02-27 14:50:05,425 DEBUG optimizer Custom optimization applied...
2020-02-27 14:50:05,425 DEBUG optimizer Applying custom optimization...
2020-02-27 14:50:05,426 DEBUG optimizer Custom optimization applied...
2020-02-27 14:50:05,426 DEBUG optimizer Applying custom optimization...
2020-02-27 14:50:05,427 DEBUG optimizer Custom optimization applied...
2020-02-27 14:50:05,427 DEBUG optimizer Applying custom optimization...
2020-02-27 14:50:05,428 DEBUG optimizer Custom optimization applied...
2020-02-27 14:50:05,428 DEBUG optimizer Applying custom optimization...
2020-02-27 14:50:05,428 DEBUG optimizer Custom optimization applied...
2020-02-27 14:50:05,429 DEBUG optimizer Applying custom optimization...
2020-02-27 14:50:05,429 DEBUG optimizer Custom optimization applied...
2020-02-27 14:50:05,429 DEBUG optimizer Applying custom optimization...
2020-02-27 14:50:05,430 DEBUG optimizer Custom optimization applied...
2020-02-27 14:50:05,430 DEBUG optimizer Applying custom optimization...
2020-02-27 14:50:05,431 DEBUG optimizer Custom optimization applied...
2020-02-27 14:50:05,431 DEBUG optimizer Applying custom optimization...
2020-02-27 14:50:05,432 DEBUG optimizer Custom optimization applied...
2020-02-27 14:50:05,432 DEBUG optimizer Applying custom optimization...
2020-02-27 14:50:05,433 DEBUG optimizer Custom optimization applied...
2020-02-27 14:50:05,433 DEBUG optimizer Applying custom optimization...
2020-02-27 14:50:05,434 DEBUG optimizer Custom optimization applied...
2020-02-27 14:50:05,434 DEBUG optimizer Applying custom optimization...
2020-02-27 14:50:05,434 DEBUG optimizer Custom optimization applied...
2020-02-27 14:50:05,435 DEBUG optimizer Applying custom optimization...
2020-02-27 14:50:05,435 DEBUG optimizer Custom optimization applied...
2020-02-27 14:50:05,435 DEBUG optimizer Applying custom optimization...
2020-02-27 14:50:05,436 DEBUG optimizer Custom optimization applied...
2020-02-27 14:50:05,436 DEBUG optimizer Applying custom optimization...
2020-02-27 14:50:05,437 DEBUG optimizer Custom optimization applied...
2020-02-27 14:50:05,437 DEBUG optimizer Applying custom optimization...
2020-02-27 14:50:05,438 DEBUG optimizer Custom optimization applied...
2020-02-27 14:50:05,438 DEBUG optimizer Applying custom optimization...
2020-02-27 14:50:05,439 DEBUG optimizer Custom optimization applied...
2020-02-27 14:50:05,439 DEBUG optimizer Applying custom optimization...
2020-02-27 14:50:05,439 DEBUG optimizer Custom optimization applied...
2020-02-27 14:50:05,439 DEBUG optimizer Applying custom optimization...
2020-02-27 14:50:05,440 DEBUG optimizer Custom optimization applied...
2020-02-27 14:50:05,440 DEBUG optimizer Applying custom optimization...
2020-02-27 14:50:05,441 DEBUG optimizer Custom optimization applied...
2020-02-27 14:50:05,441 DEBUG optimizer Applying custom optimization...
2020-02-27 14:50:05,442 DEBUG optimizer Custom optimization applied...
2020-02-27 14:50:05,442 DEBUG optimizer Applying custom optimization...
2020-02-27 14:50:05,454 DEBUG optimizer Micro clusters removed...
