2019-12-07 11:53:27,397 DEBUG visualizer Making map with UBC distribution
2019-12-07 11:53:27,401 DEBUG visualizer Scattering UBC over map
2019-12-07 11:53:30,455 DEBUG visualizer Map created with UBC scattered
2019-12-08 11:13:37,526 DEBUG visualizer Making map with UBC distribution
2019-12-08 11:13:37,534 DEBUG visualizer Scattering UBC over map
2019-12-08 11:13:40,189 DEBUG visualizer Map created with UBC scattered
2019-12-13 08:41:48,448 DEBUG visualizer Making map with UBC distribution
2019-12-13 08:41:48,453 DEBUG visualizer Scattering UBC over map
2019-12-13 08:41:50,100 DEBUG visualizer Map created with UBC scattered
2019-12-13 08:42:35,386 DEBUG visualizer Making map with UBC distribution
2019-12-13 08:42:35,390 DEBUG visualizer Scattering UBC over map
2019-12-13 08:42:37,018 DEBUG visualizer Map created with UBC scattered
2019-12-13 08:44:14,011 DEBUG visualizer Making map with UBC distribution
2019-12-13 08:44:14,015 DEBUG visualizer Scattering UBC over map
2019-12-13 08:44:15,647 DEBUG visualizer Map created with UBC scattered
2019-12-13 08:45:06,435 DEBUG visualizer Making map with UBC distribution
2019-12-13 08:45:06,443 DEBUG visualizer Scattering UBC over map
2019-12-13 08:45:08,281 DEBUG visualizer Map created with UBC scattered
2020-01-27 08:46:20,214 DEBUG visualizer Making map with UBC distribution
2020-01-27 08:46:20,225 DEBUG visualizer Scattering UBC over map
2020-01-27 08:46:22,004 DEBUG visualizer Map created with UBC scattered
2020-01-27 08:47:18,146 DEBUG visualizer Making map with UBC distribution
2020-01-27 08:47:18,150 DEBUG visualizer Scattering UBC over map
2020-01-27 08:47:20,341 DEBUG visualizer Map created with UBC scattered
2020-01-27 08:48:49,030 DEBUG visualizer Making map with UBC distribution
2020-01-27 08:48:49,033 DEBUG visualizer Scattering UBC over map
2020-01-27 08:48:51,394 DEBUG visualizer Map created with UBC scattered
2020-01-27 08:49:17,741 DEBUG visualizer Making map with UBC distribution
2020-01-27 08:49:17,744 DEBUG visualizer Scattering UBC over map
2020-01-27 08:49:20,181 DEBUG visualizer Map created with UBC scattered
2020-01-27 08:52:39,572 DEBUG visualizer Making map with UBC distribution
2020-01-27 08:52:39,576 DEBUG visualizer Scattering UBC over map
2020-01-27 08:52:41,947 DEBUG visualizer Map created with UBC scattered
2020-01-27 08:54:51,548 DEBUG visualizer Making map with UBC distribution
2020-01-27 08:54:51,552 DEBUG visualizer Scattering UBC over map
2020-01-27 08:54:53,759 DEBUG visualizer Map created with UBC scattered
2020-01-27 08:55:46,881 DEBUG visualizer Making map with UBC distribution
2020-01-27 08:55:46,886 DEBUG visualizer Scattering UBC over map
2020-01-27 08:56:25,430 DEBUG visualizer Making map with UBC distribution
2020-01-27 08:56:25,434 DEBUG visualizer Scattering UBC over map
2020-01-27 08:57:06,298 DEBUG visualizer Making map with UBC distribution...
2020-01-27 08:57:06,302 DEBUG visualizer Scattering UBC over map...
2020-01-27 08:58:54,532 DEBUG visualizer Making map with UBC distribution...
2020-01-27 08:58:54,536 DEBUG visualizer Scattering UBC over map...
2020-01-27 09:01:14,107 DEBUG visualizer Making map with UBC distribution...
2020-01-27 09:01:14,111 DEBUG visualizer Scattering UBC over map...
2020-01-27 09:01:49,791 DEBUG visualizer Making map with UBC distribution...
2020-01-27 09:01:49,795 DEBUG visualizer Scattering UBC over map...
2020-01-27 09:02:32,517 DEBUG visualizer Making map with cellsite distribution...
2020-01-27 09:03:49,988 DEBUG visualizer Making map with cellsite distribution...
2020-01-27 09:04:54,068 DEBUG visualizer Making map with cellsite distribution...
2020-01-27 09:05:14,936 DEBUG visualizer Making map with cellsite distribution...
2020-01-27 09:06:00,004 DEBUG visualizer Making map with cellsite distribution...
2020-02-27 14:41:54,194 DEBUG visualizer Making map with cellsite distribution...
2020-02-27 14:50:05,833 DEBUG visualizer Making map with cellsite distribution...
2020-02-27 15:22:58,491 DEBUG visualizer Making map with cellsite distribution...
2020-02-27 15:24:20,323 DEBUG visualizer Making map with cellsite distribution...
2020-02-27 15:31:15,697 DEBUG visualizer Making map with cellsite distribution...
2020-02-27 13:33:08,926 DEBUG visualizer Making map with cellsite distribution...
2020-02-27 14:09:03,704 DEBUG visualizer Making map with cellsite distribution...
2020-02-27 14:27:51,711 DEBUG visualizer Making map with cellsite distribution...
2020-03-06 06:58:03,252 DEBUG visualizer Making map with cellsite distribution...
2020-03-06 07:59:16,310 DEBUG visualizer Making map with cellsite distribution...
2020-03-06 08:56:51,851 DEBUG visualizer Making map with cellsite distribution...
